[INFO]-[2022/05/04 10:58:03] Cloning: 1651661880989's clone job's data is not in database, generating data
[INFO]-[2022/05/04 10:58:15] DB Copy: Creating table wpstg2_actionscheduler_actions
[INFO]-[2022/05/04 10:58:15] DB Copy: Table wp_actionscheduler_actions contains 354 rows 
[INFO]-[2022/05/04 10:58:15] DB Copy: Copy data from wp_actionscheduler_actions to wpstg2_actionscheduler_actions - 0 to 10000 records
[INFO]-[2022/05/04 10:58:18] DB Copy: Creating table wpstg2_actionscheduler_claims
[INFO]-[2022/05/04 10:58:18] DB Copy: Table wp_actionscheduler_claims contains 0 rows 
[INFO]-[2022/05/04 10:58:21] DB Copy: Creating table wpstg2_actionscheduler_groups
[INFO]-[2022/05/04 10:58:21] DB Copy: Table wp_actionscheduler_groups contains 5 rows 
[INFO]-[2022/05/04 10:58:21] DB Copy: Copy data from wp_actionscheduler_groups to wpstg2_actionscheduler_groups - 0 to 10000 records
[INFO]-[2022/05/04 10:58:24] DB Copy: Creating table wpstg2_actionscheduler_logs
[INFO]-[2022/05/04 10:58:24] DB Copy: Table wp_actionscheduler_logs contains 1054 rows 
[INFO]-[2022/05/04 10:58:24] DB Copy: Copy data from wp_actionscheduler_logs to wpstg2_actionscheduler_logs - 0 to 10000 records
[INFO]-[2022/05/04 10:58:28] DB Copy: Creating table wpstg2_ce4wp_contacts
[INFO]-[2022/05/04 10:58:28] DB Copy: Table wp_ce4wp_contacts contains 0 rows 
[INFO]-[2022/05/04 10:58:31] DB Copy: Creating table wpstg2_commentmeta
[INFO]-[2022/05/04 10:58:32] DB Copy: Table wp_commentmeta contains 1 rows 
[INFO]-[2022/05/04 10:58:32] DB Copy: Copy data from wp_commentmeta to wpstg2_commentmeta - 0 to 10000 records
[INFO]-[2022/05/04 10:58:35] DB Copy: Creating table wpstg2_comments
[INFO]-[2022/05/04 10:58:36] DB Copy: Table wp_comments contains 2 rows 
[INFO]-[2022/05/04 10:58:36] DB Copy: Copy data from wp_comments to wpstg2_comments - 0 to 10000 records
[INFO]-[2022/05/04 10:58:38] DB Copy: Creating table wpstg2_create_map
[INFO]-[2022/05/04 10:58:39] DB Copy: Table wp_create_map contains 0 rows 
[INFO]-[2022/05/04 10:58:42] DB Copy: Creating table wpstg2_e_events
[INFO]-[2022/05/04 10:58:42] DB Copy: Table wp_e_events contains 0 rows 
[INFO]-[2022/05/04 10:58:45] DB Copy: Creating table wpstg2_group_map
[INFO]-[2022/05/04 10:58:45] DB Copy: Table wp_group_map contains 0 rows 
[INFO]-[2022/05/04 10:58:46] DB Copy: Creating table wpstg2_links
[INFO]-[2022/05/04 10:58:47] DB Copy: Table wp_links contains 0 rows 
[INFO]-[2022/05/04 10:58:49] DB Copy: Creating table wpstg2_map_locations
[INFO]-[2022/05/04 10:58:49] DB Copy: Table wp_map_locations contains 0 rows 
[INFO]-[2022/05/04 10:58:51] DB Copy: Creating table wpstg2_mappress_maps
[INFO]-[2022/05/04 10:58:52] DB Copy: Table wp_mappress_maps contains 0 rows 
[INFO]-[2022/05/04 10:58:54] DB Copy: Creating table wpstg2_mappress_posts
[INFO]-[2022/05/04 10:58:54] DB Copy: Table wp_mappress_posts contains 0 rows 
[INFO]-[2022/05/04 10:58:57] DB Copy: Creating table wpstg2_mlw_qm_audit_trail
[INFO]-[2022/05/04 10:58:57] DB Copy: Table wp_mlw_qm_audit_trail contains 36 rows 
[INFO]-[2022/05/04 10:58:57] DB Copy: Copy data from wp_mlw_qm_audit_trail to wpstg2_mlw_qm_audit_trail - 0 to 10000 records
[INFO]-[2022/05/04 10:59:01] DB Copy: Creating table wpstg2_mlw_question_terms
[INFO]-[2022/05/04 10:59:01] DB Copy: Table wp_mlw_question_terms contains 0 rows 
[INFO]-[2022/05/04 10:59:05] DB Copy: Creating table wpstg2_mlw_questions
[INFO]-[2022/05/04 10:59:05] DB Copy: Table wp_mlw_questions contains 40 rows 
[INFO]-[2022/05/04 10:59:05] DB Copy: Copy data from wp_mlw_questions to wpstg2_mlw_questions - 0 to 10000 records
[INFO]-[2022/05/04 10:59:11] DB Copy: Creating table wpstg2_mlw_quiz_theme_settings
[INFO]-[2022/05/04 10:59:12] DB Copy: Table wp_mlw_quiz_theme_settings contains 0 rows 
[INFO]-[2022/05/04 10:59:16] DB Copy: Creating table wpstg2_mlw_quizzes
[INFO]-[2022/05/04 10:59:16] DB Copy: Table wp_mlw_quizzes contains 3 rows 
[INFO]-[2022/05/04 10:59:16] DB Copy: Copy data from wp_mlw_quizzes to wpstg2_mlw_quizzes - 0 to 10000 records
[INFO]-[2022/05/04 10:59:18] DB Copy: Creating table wpstg2_mlw_results
[INFO]-[2022/05/04 10:59:19] DB Copy: Table wp_mlw_results contains 22 rows 
[INFO]-[2022/05/04 10:59:19] DB Copy: Copy data from wp_mlw_results to wpstg2_mlw_results - 0 to 10000 records
[INFO]-[2022/05/04 10:59:21] DB Copy: Creating table wpstg2_mlw_themes
[INFO]-[2022/05/04 10:59:21] DB Copy: Table wp_mlw_themes contains 0 rows 
[INFO]-[2022/05/04 10:59:23] DB Copy: Creating table wpstg2_options
[INFO]-[2022/05/04 10:59:24] DB Copy: Table wp_options contains 1027 rows 
[INFO]-[2022/05/04 10:59:24] DB Copy: Copy data from wp_options to wpstg2_options - 0 to 10000 records
[INFO]-[2022/05/04 10:59:27] DB Copy: Creating table wpstg2_postmeta
[INFO]-[2022/05/04 10:59:27] DB Copy: Table wp_postmeta contains 5917 rows 
[INFO]-[2022/05/04 10:59:28] DB Copy: Copy data from wp_postmeta to wpstg2_postmeta - 0 to 10000 records
[INFO]-[2022/05/04 10:59:31] DB Copy: Creating table wpstg2_posts
[INFO]-[2022/05/04 10:59:31] DB Copy: Table wp_posts contains 642 rows 
[INFO]-[2022/05/04 10:59:31] DB Copy: Copy data from wp_posts to wpstg2_posts - 0 to 10000 records
[INFO]-[2022/05/04 10:59:35] DB Copy: Creating table wpstg2_smush_dir_images
[INFO]-[2022/05/04 10:59:35] DB Copy: Table wp_smush_dir_images contains 0 rows 
[INFO]-[2022/05/04 10:59:39] DB Copy: Creating table wpstg2_snippets
[INFO]-[2022/05/04 10:59:39] DB Copy: Table wp_snippets contains 6 rows 
[INFO]-[2022/05/04 10:59:39] DB Copy: Copy data from wp_snippets to wpstg2_snippets - 0 to 10000 records
[INFO]-[2022/05/04 10:59:42] DB Copy: Creating table wpstg2_term_relationships
[INFO]-[2022/05/04 10:59:43] DB Copy: Table wp_term_relationships contains 291 rows 
[INFO]-[2022/05/04 10:59:43] DB Copy: Copy data from wp_term_relationships to wpstg2_term_relationships - 0 to 10000 records
[INFO]-[2022/05/04 10:59:46] DB Copy: Creating table wpstg2_term_taxonomy
[INFO]-[2022/05/04 10:59:47] DB Copy: Table wp_term_taxonomy contains 41 rows 
[INFO]-[2022/05/04 10:59:47] DB Copy: Copy data from wp_term_taxonomy to wpstg2_term_taxonomy - 0 to 10000 records
[INFO]-[2022/05/04 10:59:49] DB Copy: Creating table wpstg2_termmeta
[INFO]-[2022/05/04 10:59:50] DB Copy: Table wp_termmeta contains 75 rows 
[INFO]-[2022/05/04 10:59:50] DB Copy: Copy data from wp_termmeta to wpstg2_termmeta - 0 to 10000 records
[INFO]-[2022/05/04 10:59:54] DB Copy: Creating table wpstg2_terms
[INFO]-[2022/05/04 10:59:54] DB Copy: Table wp_terms contains 41 rows 
[INFO]-[2022/05/04 10:59:54] DB Copy: Copy data from wp_terms to wpstg2_terms - 0 to 10000 records
[INFO]-[2022/05/04 10:59:57] DB Copy: Creating table wpstg2_tm_taskmeta
[INFO]-[2022/05/04 10:59:57] DB Copy: Table wp_tm_taskmeta contains 0 rows 
[INFO]-[2022/05/04 11:00:01] DB Copy: Creating table wpstg2_tm_tasks
[INFO]-[2022/05/04 11:00:02] DB Copy: Table wp_tm_tasks contains 0 rows 
[INFO]-[2022/05/04 11:00:06] DB Copy: Creating table wpstg2_usermeta
[INFO]-[2022/05/04 11:00:06] DB Copy: Table wp_usermeta contains 148 rows 
[INFO]-[2022/05/04 11:00:06] DB Copy: Copy data from wp_usermeta to wpstg2_usermeta - 0 to 10000 records
[INFO]-[2022/05/04 11:00:14] DB Copy: Creating table wpstg2_users
[INFO]-[2022/05/04 11:00:14] DB Copy: Table wp_users contains 5 rows 
[INFO]-[2022/05/04 11:00:14] DB Copy: Copy data from wp_users to wpstg2_users - 0 to 10000 records
[INFO]-[2022/05/04 11:00:19] DB Copy: Creating table wpstg2_wc_admin_note_actions
[INFO]-[2022/05/04 11:00:20] DB Copy: Table wp_wc_admin_note_actions contains 42 rows 
[INFO]-[2022/05/04 11:00:20] DB Copy: Copy data from wp_wc_admin_note_actions to wpstg2_wc_admin_note_actions - 0 to 10000 records
[INFO]-[2022/05/04 11:00:23] DB Copy: Creating table wpstg2_wc_admin_notes
[INFO]-[2022/05/04 11:00:23] DB Copy: Table wp_wc_admin_notes contains 38 rows 
[INFO]-[2022/05/04 11:00:23] DB Copy: Copy data from wp_wc_admin_notes to wpstg2_wc_admin_notes - 0 to 10000 records
[INFO]-[2022/05/04 11:00:27] DB Copy: Creating table wpstg2_wc_category_lookup
[INFO]-[2022/05/04 11:00:27] DB Copy: Table wp_wc_category_lookup contains 21 rows 
[INFO]-[2022/05/04 11:00:27] DB Copy: Copy data from wp_wc_category_lookup to wpstg2_wc_category_lookup - 0 to 10000 records
[INFO]-[2022/05/04 11:00:31] DB Copy: Creating table wpstg2_wc_customer_lookup
[INFO]-[2022/05/04 11:00:31] DB Copy: Table wp_wc_customer_lookup contains 0 rows 
[INFO]-[2022/05/04 11:00:35] DB Copy: Creating table wpstg2_wc_download_log
[INFO]-[2022/05/04 11:00:35] DB Copy: Table wp_wc_download_log contains 0 rows 
[INFO]-[2022/05/04 11:00:36] DB Copy: Creating table wpstg2_wc_order_coupon_lookup
[INFO]-[2022/05/04 11:00:37] DB Copy: Table wp_wc_order_coupon_lookup contains 0 rows 
[INFO]-[2022/05/04 11:00:38] DB Copy: Creating table wpstg2_wc_order_product_lookup
[INFO]-[2022/05/04 11:00:39] DB Copy: Table wp_wc_order_product_lookup contains 0 rows 
[INFO]-[2022/05/04 11:00:40] DB Copy: Creating table wpstg2_wc_order_stats
[INFO]-[2022/05/04 11:00:41] DB Copy: Table wp_wc_order_stats contains 0 rows 
[INFO]-[2022/05/04 11:00:43] DB Copy: Creating table wpstg2_wc_order_tax_lookup
[INFO]-[2022/05/04 11:00:43] DB Copy: Table wp_wc_order_tax_lookup contains 0 rows 
[INFO]-[2022/05/04 11:00:46] DB Copy: Creating table wpstg2_wc_product_attributes_lookup
[INFO]-[2022/05/04 11:00:47] DB Copy: Table wp_wc_product_attributes_lookup contains 1 rows 
[INFO]-[2022/05/04 11:00:47] DB Copy: Copy data from wp_wc_product_attributes_lookup to wpstg2_wc_product_attributes_lookup - 0 to 10000 records
[INFO]-[2022/05/04 11:00:51] DB Copy: Creating table wpstg2_wc_product_meta_lookup
[INFO]-[2022/05/04 11:00:51] DB Copy: Table wp_wc_product_meta_lookup contains 134 rows 
[INFO]-[2022/05/04 11:00:51] DB Copy: Copy data from wp_wc_product_meta_lookup to wpstg2_wc_product_meta_lookup - 0 to 10000 records
[INFO]-[2022/05/04 11:00:54] DB Copy: Creating table wpstg2_wc_rate_limits
[INFO]-[2022/05/04 11:00:55] DB Copy: Table wp_wc_rate_limits contains 0 rows 
[INFO]-[2022/05/04 11:00:58] DB Copy: Creating table wpstg2_wc_reserved_stock
[INFO]-[2022/05/04 11:00:58] DB Copy: Table wp_wc_reserved_stock contains 0 rows 
[INFO]-[2022/05/04 11:01:03] DB Copy: Creating table wpstg2_wc_tax_rate_classes
[INFO]-[2022/05/04 11:01:03] DB Copy: Table wp_wc_tax_rate_classes contains 2 rows 
[INFO]-[2022/05/04 11:01:03] DB Copy: Copy data from wp_wc_tax_rate_classes to wpstg2_wc_tax_rate_classes - 0 to 10000 records
[INFO]-[2022/05/04 11:01:06] DB Copy: Creating table wpstg2_wc_webhooks
[INFO]-[2022/05/04 11:01:07] DB Copy: Table wp_wc_webhooks contains 0 rows 
[INFO]-[2022/05/04 11:01:13] DB Copy: Creating table wpstg2_woocommerce_api_keys
[INFO]-[2022/05/04 11:01:13] DB Copy: Table wp_woocommerce_api_keys contains 0 rows 
[INFO]-[2022/05/04 11:01:16] DB Copy: Creating table wpstg2_woocommerce_attribute_taxonomies
[INFO]-[2022/05/04 11:01:17] DB Copy: Table wp_woocommerce_attribute_taxonomies contains 1 rows 
[INFO]-[2022/05/04 11:01:17] DB Copy: Copy data from wp_woocommerce_attribute_taxonomies to wpstg2_woocommerce_attribute_taxonomies - 0 to 10000 records
[INFO]-[2022/05/04 11:01:19] DB Copy: Creating table wpstg2_woocommerce_downloadable_product_permissions
[INFO]-[2022/05/04 11:01:20] DB Copy: Table wp_woocommerce_downloadable_product_permissions contains 0 rows 
[INFO]-[2022/05/04 11:01:21] DB Copy: Creating table wpstg2_woocommerce_log
[INFO]-[2022/05/04 11:01:21] DB Copy: Table wp_woocommerce_log contains 0 rows 
[INFO]-[2022/05/04 11:01:24] DB Copy: Creating table wpstg2_woocommerce_order_itemmeta
[INFO]-[2022/05/04 11:01:24] DB Copy: Table wp_woocommerce_order_itemmeta contains 0 rows 
[INFO]-[2022/05/04 11:01:28] DB Copy: Creating table wpstg2_woocommerce_order_items
[INFO]-[2022/05/04 11:01:28] DB Copy: Table wp_woocommerce_order_items contains 0 rows 
[INFO]-[2022/05/04 11:01:31] DB Copy: Creating table wpstg2_woocommerce_payment_tokenmeta
[INFO]-[2022/05/04 11:01:32] DB Copy: Table wp_woocommerce_payment_tokenmeta contains 0 rows 
[INFO]-[2022/05/04 11:01:35] DB Copy: Creating table wpstg2_woocommerce_payment_tokens
[INFO]-[2022/05/04 11:01:35] DB Copy: Table wp_woocommerce_payment_tokens contains 0 rows 
[INFO]-[2022/05/04 11:01:38] DB Copy: Creating table wpstg2_woocommerce_sessions
[INFO]-[2022/05/04 11:01:39] DB Copy: Table wp_woocommerce_sessions contains 6 rows 
[INFO]-[2022/05/04 11:01:39] DB Copy: Copy data from wp_woocommerce_sessions to wpstg2_woocommerce_sessions - 0 to 10000 records
[INFO]-[2022/05/04 11:01:42] DB Copy: Creating table wpstg2_woocommerce_shipping_zone_locations
[INFO]-[2022/05/04 11:01:42] DB Copy: Table wp_woocommerce_shipping_zone_locations contains 0 rows 
[INFO]-[2022/05/04 11:01:45] DB Copy: Creating table wpstg2_woocommerce_shipping_zone_methods
[INFO]-[2022/05/04 11:01:45] DB Copy: Table wp_woocommerce_shipping_zone_methods contains 0 rows 
[INFO]-[2022/05/04 11:01:49] DB Copy: Creating table wpstg2_woocommerce_shipping_zones
[INFO]-[2022/05/04 11:01:49] DB Copy: Table wp_woocommerce_shipping_zones contains 0 rows 
[INFO]-[2022/05/04 11:01:52] DB Copy: Creating table wpstg2_woocommerce_tax_rate_locations
[INFO]-[2022/05/04 11:01:52] DB Copy: Table wp_woocommerce_tax_rate_locations contains 0 rows 
[INFO]-[2022/05/04 11:01:54] DB Copy: Creating table wpstg2_woocommerce_tax_rates
[INFO]-[2022/05/04 11:01:54] DB Copy: Table wp_woocommerce_tax_rates contains 0 rows 
[INFO]-[2022/05/04 11:01:57] DB Copy: Creating table wpstg2_wp_phpmyadmin_extension__errors_log
[INFO]-[2022/05/04 11:01:57] DB Copy: Table wp_wp_phpmyadmin_extension__errors_log contains 0 rows 
[INFO]-[2022/05/04 11:02:01] DB Copy: Creating table wpstg2_wpda_csv_uploads
[INFO]-[2022/05/04 11:02:01] DB Copy: Table wp_wpda_csv_uploads contains 1 rows 
[INFO]-[2022/05/04 11:02:01] DB Copy: Copy data from wp_wpda_csv_uploads to wpstg2_wpda_csv_uploads - 0 to 10000 records
[INFO]-[2022/05/04 11:02:05] DB Copy: Creating table wpstg2_wpda_csv_uploads_backup_20220429120326
[INFO]-[2022/05/04 11:02:05] DB Copy: Table wp_wpda_csv_uploads_backup_20220429120326 contains 1 rows 
[INFO]-[2022/05/04 11:02:05] DB Copy: Copy data from wp_wpda_csv_uploads_backup_20220429120326 to wpstg2_wpda_csv_uploads_backup_20220429120326 - 0 to 10000 records
[INFO]-[2022/05/04 11:02:08] DB Copy: Creating table wpstg2_wpda_logging
[INFO]-[2022/05/04 11:02:09] DB Copy: Table wp_wpda_logging contains 0 rows 
[INFO]-[2022/05/04 11:02:16] DB Copy: Creating table wpstg2_wpda_logging_backup_20220429120326
[INFO]-[2022/05/04 11:02:16] DB Copy: Table wp_wpda_logging_backup_20220429120326 contains 0 rows 
[INFO]-[2022/05/04 11:02:19] DB Copy: Creating table wpstg2_wpda_media
[INFO]-[2022/05/04 11:02:20] DB Copy: Table wp_wpda_media contains 0 rows 
[INFO]-[2022/05/04 11:02:24] DB Copy: Creating table wpstg2_wpda_media_backup_20220429120326
[INFO]-[2022/05/04 11:02:24] DB Copy: Table wp_wpda_media_backup_20220429120326 contains 0 rows 
[INFO]-[2022/05/04 11:02:26] DB Copy: Creating table wpstg2_wpda_menus
[INFO]-[2022/05/04 11:02:26] DB Copy: Table wp_wpda_menus contains 0 rows 
[INFO]-[2022/05/04 11:02:29] DB Copy: Creating table wpstg2_wpda_menus_backup_20220429120326
[INFO]-[2022/05/04 11:02:30] DB Copy: Table wp_wpda_menus_backup_20220429120326 contains 0 rows 
[INFO]-[2022/05/04 11:02:32] DB Copy: Creating table wpstg2_wpda_project
[INFO]-[2022/05/04 11:02:32] DB Copy: Table wp_wpda_project contains 0 rows 
[INFO]-[2022/05/04 11:02:35] DB Copy: Creating table wpstg2_wpda_project_backup_20220429120326
[INFO]-[2022/05/04 11:02:35] DB Copy: Table wp_wpda_project_backup_20220429120326 contains 0 rows 
[INFO]-[2022/05/04 11:02:38] DB Copy: Creating table wpstg2_wpda_project_page
[INFO]-[2022/05/04 11:02:39] DB Copy: Table wp_wpda_project_page contains 0 rows 
[INFO]-[2022/05/04 11:02:41] DB Copy: Creating table wpstg2_wpda_project_page_backup_20220429120326
[INFO]-[2022/05/04 11:02:42] DB Copy: Table wp_wpda_project_page_backup_20220429120326 contains 0 rows 
[INFO]-[2022/05/04 11:02:45] DB Copy: Creating table wpstg2_wpda_project_table
[INFO]-[2022/05/04 11:02:46] DB Copy: Table wp_wpda_project_table contains 0 rows 
[INFO]-[2022/05/04 11:02:49] DB Copy: Creating table wpstg2_wpda_project_table_backup_20220429120326
[INFO]-[2022/05/04 11:02:49] DB Copy: Table wp_wpda_project_table_backup_20220429120326 contains 0 rows 
[INFO]-[2022/05/04 11:02:52] DB Copy: Creating table wpstg2_wpda_publisher
[INFO]-[2022/05/04 11:02:53] DB Copy: Table wp_wpda_publisher contains 1 rows 
[INFO]-[2022/05/04 11:02:53] DB Copy: Copy data from wp_wpda_publisher to wpstg2_wpda_publisher - 0 to 10000 records
[INFO]-[2022/05/04 11:02:56] DB Copy: Creating table wpstg2_wpda_publisher_backup_20220429120326
[INFO]-[2022/05/04 11:02:56] DB Copy: Table wp_wpda_publisher_backup_20220429120326 contains 1 rows 
[INFO]-[2022/05/04 11:02:56] DB Copy: Copy data from wp_wpda_publisher_backup_20220429120326 to wpstg2_wpda_publisher_backup_20220429120326 - 0 to 10000 records
[INFO]-[2022/05/04 11:02:58] DB Copy: Creating table wpstg2_wpda_table_design
[INFO]-[2022/05/04 11:02:58] DB Copy: Table wp_wpda_table_design contains 4 rows 
[INFO]-[2022/05/04 11:02:58] DB Copy: Copy data from wp_wpda_table_design to wpstg2_wpda_table_design - 0 to 10000 records
[INFO]-[2022/05/04 11:03:00] DB Copy: Creating table wpstg2_wpda_table_design_backup_20220429120326
[INFO]-[2022/05/04 11:03:00] DB Copy: Table wp_wpda_table_design_backup_20220429120326 contains 4 rows 
[INFO]-[2022/05/04 11:03:00] DB Copy: Copy data from wp_wpda_table_design_backup_20220429120326 to wpstg2_wpda_table_design_backup_20220429120326 - 0 to 10000 records
[INFO]-[2022/05/04 11:03:02] DB Copy: Creating table wpstg2_wpda_table_settings
[INFO]-[2022/05/04 11:03:02] DB Copy: Table wp_wpda_table_settings contains 0 rows 
[INFO]-[2022/05/04 11:03:05] DB Copy: Creating table wpstg2_wpda_table_settings_backup_20220429120326
[INFO]-[2022/05/04 11:03:05] DB Copy: Table wp_wpda_table_settings_backup_20220429120326 contains 0 rows 
[INFO]-[2022/05/04 11:03:08] DB Copy: Creating table wpstg2_wpforms_tasks_meta
[INFO]-[2022/05/04 11:03:08] DB Copy: Table wp_wpforms_tasks_meta contains 36 rows 
[INFO]-[2022/05/04 11:03:08] DB Copy: Copy data from wp_wpforms_tasks_meta to wpstg2_wpforms_tasks_meta - 0 to 10000 records
[INFO]-[2022/05/04 11:03:11] DB Copy: Creating table wpstg2_wpvivid_scan_result
[INFO]-[2022/05/04 11:03:12] DB Copy: Table wp_wpvivid_scan_result contains 0 rows 
[INFO]-[2022/05/04 11:03:17] DB Copy: Creating table wpstg2_wpvivid_unused_uploads_files
[INFO]-[2022/05/04 11:03:17] DB Copy: Table wp_wpvivid_unused_uploads_files contains 0 rows 
[INFO]-[2022/05/04 11:03:21] DB Copy: Creating table wpstg2_wtbp_columns
[INFO]-[2022/05/04 11:03:21] DB Copy: Table wp_wtbp_columns contains 21 rows 
[INFO]-[2022/05/04 11:03:22] DB Copy: Copy data from wp_wtbp_columns to wpstg2_wtbp_columns - 0 to 10000 records
[INFO]-[2022/05/04 11:03:26] DB Copy: Creating table wpstg2_wtbp_favorites
[INFO]-[2022/05/04 11:03:26] DB Copy: Table wp_wtbp_favorites contains 4 rows 
[INFO]-[2022/05/04 11:03:26] DB Copy: Copy data from wp_wtbp_favorites to wpstg2_wtbp_favorites - 0 to 10000 records
[INFO]-[2022/05/04 11:03:29] DB Copy: Creating table wpstg2_wtbp_modules
[INFO]-[2022/05/04 11:03:29] DB Copy: Table wp_wtbp_modules contains 9 rows 
[INFO]-[2022/05/04 11:03:30] DB Copy: Copy data from wp_wtbp_modules to wpstg2_wtbp_modules - 0 to 10000 records
[INFO]-[2022/05/04 11:03:32] DB Copy: Creating table wpstg2_wtbp_modules_type
[INFO]-[2022/05/04 11:03:33] DB Copy: Table wp_wtbp_modules_type contains 2 rows 
[INFO]-[2022/05/04 11:03:33] DB Copy: Copy data from wp_wtbp_modules_type to wpstg2_wtbp_modules_type - 0 to 10000 records
[INFO]-[2022/05/04 11:03:35] DB Copy: Creating table wpstg2_wtbp_tables
[INFO]-[2022/05/04 11:03:35] DB Copy: Table wp_wtbp_tables contains 2 rows 
[INFO]-[2022/05/04 11:03:35] DB Copy: Copy data from wp_wtbp_tables to wpstg2_wtbp_tables - 0 to 10000 records
[INFO]-[2022/05/04 11:03:38] DB Copy: Creating table wpstg2_wtbp_usage_stat
[INFO]-[2022/05/04 11:03:39] DB Copy: Table wp_wtbp_usage_stat contains 1 rows 
[INFO]-[2022/05/04 11:03:39] DB Copy: Copy data from wp_wtbp_usage_stat to wpstg2_wtbp_usage_stat - 0 to 10000 records
[INFO]-[2022/05/04 11:03:42] DB Copy: Creating table wpstg2_xyz_ips_short_code
[INFO]-[2022/05/04 11:03:42] DB Copy: Table wp_xyz_ips_short_code contains 1 rows 
[INFO]-[2022/05/04 11:03:42] DB Copy: Copy data from wp_xyz_ips_short_code to wpstg2_xyz_ips_short_code - 0 to 10000 records
[INFO]-[2022/05/04 11:03:53] DB Search & Replace:  Table wpstg2_actionscheduler_actions 0 to 20000 records
[INFO]-[2022/05/04 11:04:00] DB Search & Replace:  Table wpstg2_actionscheduler_groups 0 to 20000 records
[INFO]-[2022/05/04 11:04:01] DB Search & Replace:  Table wpstg2_actionscheduler_logs 0 to 20000 records
[INFO]-[2022/05/04 11:04:06] DB Search & Replace:  Table wpstg2_commentmeta 0 to 20000 records
[INFO]-[2022/05/04 11:04:09] DB Search & Replace:  Table wpstg2_comments 0 to 20000 records
[INFO]-[2022/05/04 11:04:38] DB Search & Replace:  Table wpstg2_mlw_qm_audit_trail 0 to 20000 records
[INFO]-[2022/05/04 11:04:44] DB Search & Replace:  Table wpstg2_mlw_questions 0 to 20000 records
[INFO]-[2022/05/04 11:04:49] DB Search & Replace:  Table wpstg2_mlw_quizzes 0 to 20000 records
[INFO]-[2022/05/04 11:04:52] DB Search & Replace:  Table wpstg2_mlw_results 0 to 20000 records
[INFO]-[2022/05/04 11:04:59] DB Search & Replace:  Table wpstg2_options 0 to 20000 records
[INFO]-[2022/05/04 11:05:03] DB Search & Replace:  Table wpstg2_postmeta 0 to 20000 records
[INFO]-[2022/05/04 11:05:07] DB Search & Replace:  Table wpstg2_posts 0 to 20000 records
[INFO]-[2022/05/04 11:05:15] DB Search & Replace:  Table wpstg2_snippets 0 to 20000 records
[INFO]-[2022/05/04 11:05:17] DB Search & Replace:  Table wpstg2_term_relationships 0 to 20000 records
[INFO]-[2022/05/04 11:05:20] DB Search & Replace:  Table wpstg2_term_taxonomy 0 to 20000 records
[INFO]-[2022/05/04 11:05:22] DB Search & Replace:  Table wpstg2_termmeta 0 to 20000 records
[INFO]-[2022/05/04 11:05:25] DB Search & Replace:  Table wpstg2_terms 0 to 20000 records
[INFO]-[2022/05/04 11:05:36] DB Search & Replace:  Table wpstg2_usermeta 0 to 20000 records
[INFO]-[2022/05/04 11:05:39] DB Search & Replace:  Table wpstg2_users 0 to 20000 records
[INFO]-[2022/05/04 11:05:43] DB Search & Replace:  Table wpstg2_wc_admin_note_actions 0 to 20000 records
[INFO]-[2022/05/04 11:05:46] DB Search & Replace:  Table wpstg2_wc_admin_notes 0 to 20000 records
[INFO]-[2022/05/04 11:05:49] DB Search & Replace:  Table wpstg2_wc_category_lookup 0 to 20000 records
[INFO]-[2022/05/04 11:06:09] DB Search & Replace:  Table wpstg2_wc_product_attributes_lookup 0 to 20000 records
[INFO]-[2022/05/04 11:06:12] DB Search & Replace:  Table wpstg2_wc_product_meta_lookup 0 to 20000 records
[INFO]-[2022/05/04 11:06:23] DB Search & Replace:  Table wpstg2_wc_tax_rate_classes 0 to 20000 records
[INFO]-[2022/05/04 11:06:30] DB Search & Replace:  Table wpstg2_woocommerce_attribute_taxonomies 0 to 20000 records
[INFO]-[2022/05/04 11:06:50] DB Search & Replace:  Table wpstg2_woocommerce_sessions 0 to 20000 records
[INFO]-[2022/05/04 11:07:06] DB Search & Replace:  Table wpstg2_wpda_csv_uploads 0 to 20000 records
[INFO]-[2022/05/04 11:07:08] DB Search & Replace:  Table wpstg2_wpda_csv_uploads_backup_20220429120326 0 to 20000 records
[INFO]-[2022/05/04 11:07:48] DB Search & Replace:  Table wpstg2_wpda_publisher 0 to 20000 records
[INFO]-[2022/05/04 11:07:50] DB Search & Replace:  Table wpstg2_wpda_publisher_backup_20220429120326 0 to 20000 records
[INFO]-[2022/05/04 11:07:53] DB Search & Replace:  Table wpstg2_wpda_table_design 0 to 20000 records
[INFO]-[2022/05/04 11:07:56] DB Search & Replace:  Table wpstg2_wpda_table_design_backup_20220429120326 0 to 20000 records
[INFO]-[2022/05/04 11:08:07] DB Search & Replace:  Table wpstg2_wpforms_tasks_meta 0 to 20000 records
[INFO]-[2022/05/04 11:08:15] DB Search & Replace:  Table wpstg2_wtbp_columns 0 to 20000 records
[INFO]-[2022/05/04 11:08:17] DB Search & Replace:  Table wpstg2_wtbp_favorites 0 to 20000 records
[INFO]-[2022/05/04 11:08:19] DB Search & Replace:  Table wpstg2_wtbp_modules 0 to 20000 records
[INFO]-[2022/05/04 11:08:20] DB Search & Replace:  Table wpstg2_wtbp_modules_type 0 to 20000 records
[INFO]-[2022/05/04 11:08:23] DB Search & Replace:  Table wpstg2_wtbp_tables 0 to 20000 records
[INFO]-[2022/05/04 11:08:27] DB Search & Replace:  Table wpstg2_wtbp_usage_stat 0 to 20000 records
[INFO]-[2022/05/04 11:08:30] DB Search & Replace:  Table wpstg2_xyz_ips_short_code 0 to 20000 records
[INFO]-[2022/05/04 11:08:43] Scanning / for its files
[INFO]-[2022/05/04 11:08:46] Scanning wp-content/plugins and its sub-directories and files
[INFO]-[2022/05/04 11:09:54] Scanning wp-content/mu-plugins and its sub-directories and files
[INFO]-[2022/05/04 11:09:57] Scanning wp-content/themes and its sub-directories and files
[INFO]-[2022/05/04 11:10:07] Scanning wp-content/uploads/ and its sub-directories and files
[INFO]-[2022/05/04 11:10:14] Scanning wp-content for other directories
[INFO]-[2022/05/04 11:10:18] Scanning wp-includes for its sub-directories and files
[INFO]-[2022/05/04 11:10:36] Scanning wp-admin for its sub-directories and files
[INFO]-[2022/05/04 11:10:43] Copying files...
[INFO]-[2022/05/04 11:10:47] Total 50 files processed
[INFO]-[2022/05/04 11:10:54] Total 100 files processed
[INFO]-[2022/05/04 11:11:05] Total 150 files processed
[INFO]-[2022/05/04 11:11:11] Total 200 files processed
[INFO]-[2022/05/04 11:11:19] Total 250 files processed
[INFO]-[2022/05/04 11:11:26] Total 300 files processed
[INFO]-[2022/05/04 11:11:34] Total 350 files processed
[INFO]-[2022/05/04 11:11:40] Total 400 files processed
[INFO]-[2022/05/04 11:11:48] Total 450 files processed
[INFO]-[2022/05/04 11:11:54] Total 500 files processed
[INFO]-[2022/05/04 11:11:59] Total 550 files processed
[INFO]-[2022/05/04 11:12:07] Total 600 files processed
[INFO]-[2022/05/04 11:12:14] Total 650 files processed
[INFO]-[2022/05/04 11:12:22] Total 700 files processed
[INFO]-[2022/05/04 11:12:29] Total 750 files processed
[INFO]-[2022/05/04 11:12:34] Total 800 files processed
[INFO]-[2022/05/04 11:12:39] Total 850 files processed
[INFO]-[2022/05/04 11:12:43] Total 900 files processed
[INFO]-[2022/05/04 11:12:48] Total 950 files processed
[INFO]-[2022/05/04 11:12:56] Total 1000 files processed
[INFO]-[2022/05/04 11:13:03] Total 1050 files processed
[INFO]-[2022/05/04 11:13:15] Total 1100 files processed
[INFO]-[2022/05/04 11:13:25] Total 1150 files processed
[INFO]-[2022/05/04 11:13:31] Total 1200 files processed
[INFO]-[2022/05/04 11:13:37] Total 1250 files processed
[INFO]-[2022/05/04 11:13:45] Total 1300 files processed
[INFO]-[2022/05/04 11:13:52] Total 1350 files processed
[INFO]-[2022/05/04 11:13:58] Total 1400 files processed
[INFO]-[2022/05/04 11:14:03] Total 1450 files processed
[INFO]-[2022/05/04 11:14:09] Total 1500 files processed
[INFO]-[2022/05/04 11:14:18] Total 1550 files processed
[INFO]-[2022/05/04 11:14:26] Total 1600 files processed
[INFO]-[2022/05/04 11:14:33] Total 1650 files processed
[INFO]-[2022/05/04 11:14:40] Total 1700 files processed
[INFO]-[2022/05/04 11:14:46] Total 1750 files processed
[INFO]-[2022/05/04 11:14:51] Total 1800 files processed
[INFO]-[2022/05/04 11:14:57] Total 1850 files processed
[INFO]-[2022/05/04 11:15:03] Total 1900 files processed
[INFO]-[2022/05/04 11:15:10] Total 1950 files processed
[INFO]-[2022/05/04 11:15:22] Total 2000 files processed
[INFO]-[2022/05/04 11:15:26] Total 2050 files processed
[INFO]-[2022/05/04 11:15:29] Total 2100 files processed
[INFO]-[2022/05/04 11:15:36] Total 2150 files processed
[INFO]-[2022/05/04 11:15:43] Total 2200 files processed
[INFO]-[2022/05/04 11:15:50] Total 2250 files processed
[INFO]-[2022/05/04 11:15:58] Total 2300 files processed
[INFO]-[2022/05/04 11:16:04] Total 2350 files processed
[INFO]-[2022/05/04 11:16:11] Total 2400 files processed
[INFO]-[2022/05/04 11:16:19] Total 2450 files processed
[INFO]-[2022/05/04 11:16:26] Total 2500 files processed
[INFO]-[2022/05/04 11:16:34] Total 2550 files processed
[INFO]-[2022/05/04 11:16:41] Total 2600 files processed
[INFO]-[2022/05/04 11:16:48] Total 2650 files processed
[INFO]-[2022/05/04 11:16:55] Total 2700 files processed
[INFO]-[2022/05/04 11:17:03] Total 2750 files processed
[INFO]-[2022/05/04 11:17:10] Total 2800 files processed
[INFO]-[2022/05/04 11:17:17] Total 2850 files processed
[INFO]-[2022/05/04 11:17:27] Total 2900 files processed
[INFO]-[2022/05/04 11:17:34] Total 2950 files processed
[INFO]-[2022/05/04 11:17:41] Total 3000 files processed
[INFO]-[2022/05/04 11:17:48] Total 3050 files processed
[INFO]-[2022/05/04 11:17:54] Total 3100 files processed
[INFO]-[2022/05/04 11:18:01] Total 3150 files processed
[INFO]-[2022/05/04 11:18:07] Total 3200 files processed
[INFO]-[2022/05/04 11:18:12] Total 3250 files processed
[INFO]-[2022/05/04 11:18:15] Total 3300 files processed
[INFO]-[2022/05/04 11:18:19] Total 3350 files processed
[INFO]-[2022/05/04 11:18:25] Total 3400 files processed
[INFO]-[2022/05/04 11:18:29] Total 3450 files processed
[INFO]-[2022/05/04 11:18:32] Total 3500 files processed
[INFO]-[2022/05/04 11:18:36] Total 3550 files processed
[INFO]-[2022/05/04 11:18:40] Total 3600 files processed
[INFO]-[2022/05/04 11:18:43] Total 3650 files processed
[INFO]-[2022/05/04 11:18:48] Total 3700 files processed
[INFO]-[2022/05/04 11:18:56] Total 3750 files processed
[INFO]-[2022/05/04 11:19:03] Total 3800 files processed
[INFO]-[2022/05/04 11:19:09] Total 3850 files processed
[INFO]-[2022/05/04 11:19:15] Total 3900 files processed
[INFO]-[2022/05/04 11:19:21] Total 3950 files processed
[INFO]-[2022/05/04 11:19:31] Total 4000 files processed
[INFO]-[2022/05/04 11:19:38] Total 4050 files processed
[INFO]-[2022/05/04 11:19:44] Total 4100 files processed
[INFO]-[2022/05/04 11:19:50] Total 4150 files processed
[INFO]-[2022/05/04 11:19:56] Total 4200 files processed
[INFO]-[2022/05/04 11:20:04] Total 4250 files processed
[INFO]-[2022/05/04 11:20:13] Total 4300 files processed
[INFO]-[2022/05/04 11:20:20] Total 4350 files processed
[INFO]-[2022/05/04 11:20:26] Total 4400 files processed
[INFO]-[2022/05/04 11:20:37] Total 4450 files processed
[INFO]-[2022/05/04 11:20:45] Total 4500 files processed
[INFO]-[2022/05/04 11:20:51] Total 4550 files processed
[INFO]-[2022/05/04 11:20:58] Total 4600 files processed
[INFO]-[2022/05/04 11:21:06] Total 4650 files processed
[INFO]-[2022/05/04 11:21:12] Total 4700 files processed
[INFO]-[2022/05/04 11:21:18] Total 4750 files processed
[INFO]-[2022/05/04 11:21:26] Total 4800 files processed
[INFO]-[2022/05/04 11:21:32] Total 4850 files processed
[INFO]-[2022/05/04 11:21:42] Total 4900 files processed
[INFO]-[2022/05/04 11:21:49] Total 4950 files processed
[INFO]-[2022/05/04 11:21:55] Total 5000 files processed
[INFO]-[2022/05/04 11:22:01] Total 5050 files processed
[INFO]-[2022/05/04 11:22:07] Total 5100 files processed
[INFO]-[2022/05/04 11:22:13] Total 5150 files processed
[INFO]-[2022/05/04 11:22:20] Total 5200 files processed
[INFO]-[2022/05/04 11:22:27] Total 5250 files processed
[INFO]-[2022/05/04 11:22:31] Total 5300 files processed
[INFO]-[2022/05/04 11:22:37] Total 5350 files processed
[INFO]-[2022/05/04 11:22:44] Total 5400 files processed
[INFO]-[2022/05/04 11:22:50] Total 5450 files processed
[INFO]-[2022/05/04 11:22:57] Total 5500 files processed
[INFO]-[2022/05/04 11:23:04] Total 5550 files processed
[INFO]-[2022/05/04 11:23:11] Total 5600 files processed
[INFO]-[2022/05/04 11:23:16] Total 5650 files processed
[INFO]-[2022/05/04 11:23:19] Total 5700 files processed
[INFO]-[2022/05/04 11:23:22] Total 5750 files processed
[INFO]-[2022/05/04 11:23:26] Total 5800 files processed
[INFO]-[2022/05/04 11:23:33] Total 5850 files processed
[INFO]-[2022/05/04 11:23:40] Total 5900 files processed
[INFO]-[2022/05/04 11:23:50] Total 5950 files processed
[INFO]-[2022/05/04 11:23:57] Total 6000 files processed
[INFO]-[2022/05/04 11:24:05] Total 6050 files processed
[INFO]-[2022/05/04 11:24:12] Total 6100 files processed
[INFO]-[2022/05/04 11:24:20] Total 6150 files processed
[INFO]-[2022/05/04 11:24:29] Total 6200 files processed
[INFO]-[2022/05/04 11:24:36] Total 6250 files processed
[INFO]-[2022/05/04 11:24:41] Total 6300 files processed
[INFO]-[2022/05/04 11:24:49] Total 6350 files processed
[INFO]-[2022/05/04 11:24:58] Total 6400 files processed
[INFO]-[2022/05/04 11:25:06] Total 6450 files processed
[INFO]-[2022/05/04 11:25:15] Total 6500 files processed
[INFO]-[2022/05/04 11:25:23] Total 6550 files processed
[INFO]-[2022/05/04 11:25:31] Total 6600 files processed
[INFO]-[2022/05/04 11:25:39] Total 6650 files processed
[INFO]-[2022/05/04 11:25:48] Total 6700 files processed
[INFO]-[2022/05/04 11:26:00] Total 6750 files processed
[INFO]-[2022/05/04 11:26:08] Total 6800 files processed
[INFO]-[2022/05/04 11:26:16] Total 6850 files processed
[INFO]-[2022/05/04 11:26:25] Total 6900 files processed
[INFO]-[2022/05/04 11:26:31] Total 6950 files processed
[INFO]-[2022/05/04 11:26:39] Total 7000 files processed
[INFO]-[2022/05/04 11:26:47] Total 7050 files processed
[INFO]-[2022/05/04 11:26:54] Total 7100 files processed
[INFO]-[2022/05/04 11:27:06] Total 7150 files processed
[INFO]-[2022/05/04 11:27:13] Total 7200 files processed
[INFO]-[2022/05/04 11:27:16] Total 7250 files processed
[INFO]-[2022/05/04 11:27:22] Total 7300 files processed
[INFO]-[2022/05/04 11:27:30] Total 7350 files processed
[INFO]-[2022/05/04 11:27:40] Total 7400 files processed
[INFO]-[2022/05/04 11:27:49] Total 7450 files processed
[INFO]-[2022/05/04 11:27:57] Total 7500 files processed
[INFO]-[2022/05/04 11:28:04] Total 7550 files processed
[INFO]-[2022/05/04 11:28:10] Total 7600 files processed
[INFO]-[2022/05/04 11:28:17] Total 7650 files processed
[INFO]-[2022/05/04 11:28:27] Total 7700 files processed
[INFO]-[2022/05/04 11:28:34] Total 7750 files processed
[INFO]-[2022/05/04 11:28:42] Total 7800 files processed
[INFO]-[2022/05/04 11:28:51] Total 7850 files processed
[INFO]-[2022/05/04 11:28:59] Total 7900 files processed
[INFO]-[2022/05/04 11:29:06] Total 7950 files processed
[INFO]-[2022/05/04 11:29:13] Total 8000 files processed
[INFO]-[2022/05/04 11:29:20] Total 8050 files processed
[INFO]-[2022/05/04 11:29:26] Total 8100 files processed
[INFO]-[2022/05/04 11:29:34] Total 8150 files processed
[INFO]-[2022/05/04 11:29:39] Total 8200 files processed
[INFO]-[2022/05/04 11:29:46] Total 8250 files processed
[INFO]-[2022/05/04 11:29:52] Total 8300 files processed
[INFO]-[2022/05/04 11:29:58] Total 8350 files processed
[INFO]-[2022/05/04 11:30:05] Total 8400 files processed
[INFO]-[2022/05/04 11:30:18] Total 8450 files processed
[INFO]-[2022/05/04 11:30:25] Total 8500 files processed
[INFO]-[2022/05/04 11:30:33] Total 8550 files processed
[INFO]-[2022/05/04 11:30:41] Total 8600 files processed
[INFO]-[2022/05/04 11:30:48] Total 8650 files processed
[INFO]-[2022/05/04 11:30:55] Total 8700 files processed
[INFO]-[2022/05/04 11:31:02] Total 8750 files processed
[INFO]-[2022/05/04 11:31:08] Total 8800 files processed
[INFO]-[2022/05/04 11:31:21] Total 8850 files processed
[INFO]-[2022/05/04 11:31:29] Total 8900 files processed
[INFO]-[2022/05/04 11:31:35] Total 8950 files processed
[INFO]-[2022/05/04 11:31:39] Total 9000 files processed
[INFO]-[2022/05/04 11:31:43] Total 9050 files processed
[INFO]-[2022/05/04 11:31:50] Total 9100 files processed
[INFO]-[2022/05/04 11:31:57] Total 9150 files processed
[INFO]-[2022/05/04 11:32:04] Total 9200 files processed
[INFO]-[2022/05/04 11:32:11] Total 9250 files processed
[INFO]-[2022/05/04 11:32:19] Total 9300 files processed
[INFO]-[2022/05/04 11:32:23] Total 9350 files processed
[INFO]-[2022/05/04 11:32:28] Total 9400 files processed
[INFO]-[2022/05/04 11:32:36] Total 9450 files processed
[INFO]-[2022/05/04 11:32:44] Total 9500 files processed
[INFO]-[2022/05/04 11:32:50] Total 9550 files processed
[INFO]-[2022/05/04 11:32:58] Total 9600 files processed
[INFO]-[2022/05/04 11:33:05] Total 9650 files processed
[INFO]-[2022/05/04 11:33:11] Total 9700 files processed
[INFO]-[2022/05/04 11:33:16] Total 9750 files processed
[INFO]-[2022/05/04 11:33:29] Total 9800 files processed
[INFO]-[2022/05/04 11:33:36] Total 9850 files processed
[INFO]-[2022/05/04 11:33:41] Total 9900 files processed
[INFO]-[2022/05/04 11:33:48] Total 9950 files processed
[INFO]-[2022/05/04 11:33:56] Total 10000 files processed
[INFO]-[2022/05/04 11:34:03] Total 10050 files processed
[INFO]-[2022/05/04 11:34:10] Total 10100 files processed
[INFO]-[2022/05/04 11:34:18] Total 10150 files processed
[INFO]-[2022/05/04 11:34:28] Total 10200 files processed
[INFO]-[2022/05/04 11:34:32] Total 10250 files processed
[INFO]-[2022/05/04 11:34:38] Total 10300 files processed
[INFO]-[2022/05/04 11:34:46] Total 10350 files processed
[INFO]-[2022/05/04 11:34:53] Total 10400 files processed
[INFO]-[2022/05/04 11:35:00] Total 10450 files processed
[INFO]-[2022/05/04 11:35:07] Total 10500 files processed
[INFO]-[2022/05/04 11:35:17] Total 10550 files processed
[INFO]-[2022/05/04 11:35:24] Total 10600 files processed
[INFO]-[2022/05/04 11:35:35] Total 10650 files processed
[INFO]-[2022/05/04 11:35:42] Total 10700 files processed
[INFO]-[2022/05/04 11:35:46] Total 10750 files processed
[INFO]-[2022/05/04 11:35:51] Total 10800 files processed
[INFO]-[2022/05/04 11:35:56] Total 10850 files processed
[INFO]-[2022/05/04 11:36:05] Total 10900 files processed
[INFO]-[2022/05/04 11:36:13] Total 10950 files processed
[INFO]-[2022/05/04 11:36:20] Total 11000 files processed
[INFO]-[2022/05/04 11:36:25] Total 11050 files processed
[INFO]-[2022/05/04 11:36:36] Total 11100 files processed
[INFO]-[2022/05/04 11:36:42] Total 11150 files processed
[INFO]-[2022/05/04 11:36:48] Total 11200 files processed
[INFO]-[2022/05/04 11:36:54] Total 11250 files processed
[INFO]-[2022/05/04 11:37:00] Total 11300 files processed
[INFO]-[2022/05/04 11:37:04] Total 11350 files processed
[INFO]-[2022/05/04 11:37:10] Total 11400 files processed
[INFO]-[2022/05/04 11:37:17] Total 11450 files processed
[INFO]-[2022/05/04 11:37:23] Total 11500 files processed
[INFO]-[2022/05/04 11:37:31] Total 11550 files processed
[INFO]-[2022/05/04 11:37:38] Total 11600 files processed
[INFO]-[2022/05/04 11:37:41] Total 11650 files processed
[INFO]-[2022/05/04 11:37:47] Total 11700 files processed
[INFO]-[2022/05/04 11:37:55] Total 11750 files processed
[INFO]-[2022/05/04 11:38:03] Total 11800 files processed
[INFO]-[2022/05/04 11:38:09] Total 11850 files processed
[INFO]-[2022/05/04 11:38:16] Total 11900 files processed
[INFO]-[2022/05/04 11:38:24] Total 11950 files processed
[INFO]-[2022/05/04 11:38:30] Total 12000 files processed
[INFO]-[2022/05/04 11:38:34] Total 12050 files processed
[INFO]-[2022/05/04 11:38:41] Total 12100 files processed
[INFO]-[2022/05/04 11:38:49] Total 12150 files processed
[INFO]-[2022/05/04 11:38:55] Total 12200 files processed
[INFO]-[2022/05/04 11:39:02] Total 12250 files processed
[INFO]-[2022/05/04 11:39:08] Total 12300 files processed
[INFO]-[2022/05/04 11:39:16] Total 12350 files processed
[INFO]-[2022/05/04 11:39:23] Total 12400 files processed
[INFO]-[2022/05/04 11:39:29] Total 12450 files processed
[INFO]-[2022/05/04 11:39:36] Total 12500 files processed
[INFO]-[2022/05/04 11:39:47] Total 12550 files processed
[INFO]-[2022/05/04 11:39:50] Total 12600 files processed
[INFO]-[2022/05/04 11:39:56] Total 12650 files processed
[INFO]-[2022/05/04 11:40:03] Total 12700 files processed
[INFO]-[2022/05/04 11:40:10] Total 12750 files processed
[INFO]-[2022/05/04 11:40:18] Total 12800 files processed
[INFO]-[2022/05/04 11:40:24] Total 12850 files processed
[INFO]-[2022/05/04 11:40:28] Total 12900 files processed
[INFO]-[2022/05/04 11:40:32] Total 12950 files processed
[INFO]-[2022/05/04 11:40:37] Total 13000 files processed
[INFO]-[2022/05/04 11:40:48] Total 13050 files processed
[INFO]-[2022/05/04 11:40:55] Total 13100 files processed
[INFO]-[2022/05/04 11:41:03] Total 13150 files processed
[INFO]-[2022/05/04 11:41:09] Total 13200 files processed
[INFO]-[2022/05/04 11:41:16] Total 13250 files processed
[INFO]-[2022/05/04 11:41:20] Total 13300 files processed
[INFO]-[2022/05/04 11:41:23] Total 13350 files processed
[INFO]-[2022/05/04 11:41:28] Total 13400 files processed
[INFO]-[2022/05/04 11:41:34] Total 13450 files processed
[INFO]-[2022/05/04 11:41:41] Total 13500 files processed
[INFO]-[2022/05/04 11:41:52] Total 13550 files processed
[INFO]-[2022/05/04 11:41:57] Total 13600 files processed
[INFO]-[2022/05/04 11:42:03] Total 13650 files processed
[INFO]-[2022/05/04 11:42:10] Total 13700 files processed
[INFO]-[2022/05/04 11:42:17] Total 13750 files processed
[INFO]-[2022/05/04 11:42:25] Total 13800 files processed
[INFO]-[2022/05/04 11:42:32] Total 13850 files processed
[INFO]-[2022/05/04 11:42:37] Total 13900 files processed
[INFO]-[2022/05/04 11:42:41] Total 13950 files processed
[INFO]-[2022/05/04 11:42:46] Total 14000 files processed
[INFO]-[2022/05/04 11:42:55] Total 14050 files processed
[INFO]-[2022/05/04 11:43:03] Total 14100 files processed
[INFO]-[2022/05/04 11:43:10] Total 14150 files processed
[INFO]-[2022/05/04 11:43:15] Total 14200 files processed
[INFO]-[2022/05/04 11:43:19] Total 14250 files processed
[INFO]-[2022/05/04 11:43:24] Total 14300 files processed
[INFO]-[2022/05/04 11:43:30] Total 14350 files processed
[INFO]-[2022/05/04 11:43:37] Total 14400 files processed
[INFO]-[2022/05/04 11:43:44] Total 14450 files processed
[INFO]-[2022/05/04 11:43:54] Total 14500 files processed
[INFO]-[2022/05/04 11:44:03] Total 14550 files processed
[INFO]-[2022/05/04 11:44:09] Total 14600 files processed
[INFO]-[2022/05/04 11:44:13] Total 14650 files processed
[INFO]-[2022/05/04 11:44:18] Total 14700 files processed
[INFO]-[2022/05/04 11:44:26] Total 14750 files processed
[INFO]-[2022/05/04 11:44:32] Total 14800 files processed
[INFO]-[2022/05/04 11:44:39] Total 14850 files processed
[INFO]-[2022/05/04 11:44:47] Total 14900 files processed
[INFO]-[2022/05/04 11:44:56] Total 14950 files processed
[INFO]-[2022/05/04 11:45:04] Total 15000 files processed
[INFO]-[2022/05/04 11:45:11] Total 15050 files processed
[INFO]-[2022/05/04 11:45:19] Total 15100 files processed
[INFO]-[2022/05/04 11:45:27] Total 15150 files processed
[INFO]-[2022/05/04 11:45:31] Total 15200 files processed
[INFO]-[2022/05/04 11:45:38] Total 15250 files processed
[INFO]-[2022/05/04 11:45:44] Total 15300 files processed
[INFO]-[2022/05/04 11:45:51] Total 15350 files processed
[INFO]-[2022/05/04 11:46:00] Total 15400 files processed
[INFO]-[2022/05/04 11:46:07] Total 15450 files processed
[INFO]-[2022/05/04 11:46:14] Total 15500 files processed
[INFO]-[2022/05/04 11:46:21] Total 15550 files processed
[INFO]-[2022/05/04 11:46:28] Total 15600 files processed
[INFO]-[2022/05/04 11:46:36] Total 15650 files processed
[INFO]-[2022/05/04 11:46:43] Total 15700 files processed
[INFO]-[2022/05/04 11:46:48] Total 15750 files processed
[INFO]-[2022/05/04 11:46:51] Total 15800 files processed
[INFO]-[2022/05/04 11:46:56] Total 15850 files processed
[INFO]-[2022/05/04 11:47:02] Total 15900 files processed
[INFO]-[2022/05/04 11:47:11] Total 15950 files processed
[INFO]-[2022/05/04 11:47:18] Total 16000 files processed
[INFO]-[2022/05/04 11:47:25] Total 16050 files processed
[INFO]-[2022/05/04 11:47:31] Total 16100 files processed
[INFO]-[2022/05/04 11:47:39] Total 16150 files processed
[INFO]-[2022/05/04 11:47:46] Total 16200 files processed
[INFO]-[2022/05/04 11:47:54] Total 16250 files processed
[INFO]-[2022/05/04 11:48:04] Total 16300 files processed
[INFO]-[2022/05/04 11:48:14] Total 16350 files processed
[INFO]-[2022/05/04 11:48:19] Total 16400 files processed
[INFO]-[2022/05/04 11:48:23] Total 16450 files processed
[INFO]-[2022/05/04 11:48:29] Total 16500 files processed
[INFO]-[2022/05/04 11:48:36] Total 16550 files processed
[INFO]-[2022/05/04 11:48:43] Total 16600 files processed
[INFO]-[2022/05/04 11:48:50] Total 16650 files processed
[INFO]-[2022/05/04 11:48:57] Total 16700 files processed
[INFO]-[2022/05/04 11:49:06] Total 16750 files processed
[INFO]-[2022/05/04 11:49:14] Total 16800 files processed
[INFO]-[2022/05/04 11:49:20] Total 16850 files processed
[INFO]-[2022/05/04 11:49:28] Total 16900 files processed
[INFO]-[2022/05/04 11:49:35] Total 16950 files processed
[INFO]-[2022/05/04 11:49:41] Total 17000 files processed
[INFO]-[2022/05/04 11:49:49] Total 17050 files processed
[INFO]-[2022/05/04 11:49:55] Total 17100 files processed
[INFO]-[2022/05/04 11:50:03] Total 17150 files processed
[INFO]-[2022/05/04 11:50:15] Total 17200 files processed
[INFO]-[2022/05/04 11:50:24] Total 17250 files processed
[INFO]-[2022/05/04 11:50:28] Total 17300 files processed
[INFO]-[2022/05/04 11:50:32] Total 17350 files processed
[INFO]-[2022/05/04 11:50:37] Total 17400 files processed
[INFO]-[2022/05/04 11:50:45] Total 17450 files processed
[INFO]-[2022/05/04 11:50:52] Total 17500 files processed
[INFO]-[2022/05/04 11:50:59] Total 17550 files processed
[INFO]-[2022/05/04 11:51:06] Total 17600 files processed
[INFO]-[2022/05/04 11:51:15] Total 17650 files processed
[INFO]-[2022/05/04 11:51:21] Total 17700 files processed
[INFO]-[2022/05/04 11:51:31] Total 17750 files processed
[INFO]-[2022/05/04 11:51:38] Total 17800 files processed
[INFO]-[2022/05/04 11:51:45] Total 17850 files processed
[INFO]-[2022/05/04 11:51:49] Total 17900 files processed
[INFO]-[2022/05/04 11:51:53] Total 17950 files processed
[INFO]-[2022/05/04 11:51:59] Total 18000 files processed
[INFO]-[2022/05/04 11:52:06] Total 18050 files processed
[INFO]-[2022/05/04 11:52:16] Total 18100 files processed
[INFO]-[2022/05/04 11:52:22] Total 18150 files processed
[INFO]-[2022/05/04 11:52:27] Total 18200 files processed
[INFO]-[2022/05/04 11:52:30] Total 18250 files processed
[INFO]-[2022/05/04 11:52:35] Total 18300 files processed
[INFO]-[2022/05/04 11:52:41] Total 18350 files processed
[INFO]-[2022/05/04 11:52:48] Total 18400 files processed
[INFO]-[2022/05/04 11:52:55] Total 18450 files processed
[INFO]-[2022/05/04 11:53:02] Total 18500 files processed
[INFO]-[2022/05/04 11:53:10] Total 18550 files processed
[INFO]-[2022/05/04 11:53:20] Total 18600 files processed
[INFO]-[2022/05/04 11:53:26] Total 18650 files processed
[INFO]-[2022/05/04 11:53:36] Total 18700 files processed
[INFO]-[2022/05/04 11:53:42] Total 18750 files processed
[INFO]-[2022/05/04 11:53:50] Total 18800 files processed
[INFO]-[2022/05/04 11:53:53] Total 18850 files processed
[INFO]-[2022/05/04 11:53:58] Total 18900 files processed
[INFO]-[2022/05/04 11:54:06] Total 18950 files processed
[INFO]-[2022/05/04 11:54:13] Total 19000 files processed
[INFO]-[2022/05/04 11:54:23] Total 19050 files processed
[INFO]-[2022/05/04 11:54:30] Total 19100 files processed
[INFO]-[2022/05/04 11:54:38] Total 19150 files processed
[INFO]-[2022/05/04 11:54:42] Total 19200 files processed
[INFO]-[2022/05/04 11:54:49] Total 19250 files processed
[INFO]-[2022/05/04 11:54:56] Total 19300 files processed
[INFO]-[2022/05/04 11:55:03] Total 19350 files processed
[INFO]-[2022/05/04 11:55:11] Total 19400 files processed
[INFO]-[2022/05/04 11:55:19] Total 19450 files processed
[INFO]-[2022/05/04 11:55:26] Total 19500 files processed
[INFO]-[2022/05/04 11:55:33] Total 19550 files processed
[INFO]-[2022/05/04 11:55:41] Total 19600 files processed
[INFO]-[2022/05/04 11:55:48] Total 19650 files processed
[INFO]-[2022/05/04 11:55:55] Total 19700 files processed
[INFO]-[2022/05/04 11:56:01] Total 19750 files processed
[INFO]-[2022/05/04 11:56:07] Total 19800 files processed
[INFO]-[2022/05/04 11:56:15] Total 19850 files processed
[INFO]-[2022/05/04 11:56:22] Total 19900 files processed
[INFO]-[2022/05/04 11:56:31] Total 19950 files processed
[INFO]-[2022/05/04 11:56:36] Total 20000 files processed
[INFO]-[2022/05/04 11:56:46] Total 20050 files processed
[INFO]-[2022/05/04 11:56:52] Total 20100 files processed
[INFO]-[2022/05/04 11:57:00] Total 20150 files processed
[INFO]-[2022/05/04 11:57:07] Total 20200 files processed
[INFO]-[2022/05/04 11:57:13] Total 20250 files processed
[INFO]-[2022/05/04 11:57:19] Total 20300 files processed
[INFO]-[2022/05/04 11:57:27] Total 20350 files processed
[INFO]-[2022/05/04 11:57:36] Total 20400 files processed
[INFO]-[2022/05/04 11:57:44] Total 20450 files processed
[INFO]-[2022/05/04 11:57:50] Total 20500 files processed
[INFO]-[2022/05/04 11:57:57] Total 20550 files processed
[INFO]-[2022/05/04 11:58:03] Total 20600 files processed
[INFO]-[2022/05/04 11:58:10] Total 20650 files processed
[INFO]-[2022/05/04 11:58:17] Total 20700 files processed
[INFO]-[2022/05/04 11:58:26] Total 20750 files processed
[INFO]-[2022/05/04 11:58:32] Total 20800 files processed
[INFO]-[2022/05/04 11:58:39] Total 20850 files processed
[INFO]-[2022/05/04 11:58:43] Total 20900 files processed
[INFO]-[2022/05/04 11:58:49] Total 20950 files processed
[INFO]-[2022/05/04 11:58:57] Total 21000 files processed
[INFO]-[2022/05/04 11:59:04] Total 21050 files processed
[INFO]-[2022/05/04 11:59:11] Total 21100 files processed
[INFO]-[2022/05/04 11:59:20] Total 21150 files processed
[INFO]-[2022/05/04 11:59:27] Total 21200 files processed
[INFO]-[2022/05/04 11:59:34] Total 21250 files processed
[INFO]-[2022/05/04 11:59:44] Total 21300 files processed
[INFO]-[2022/05/04 11:59:53] Total 21350 files processed
[INFO]-[2022/05/04 12:00:04] Total 21400 files processed
[INFO]-[2022/05/04 12:00:13] Total 21450 files processed
[INFO]-[2022/05/04 12:00:22] Total 21500 files processed
[INFO]-[2022/05/04 12:00:29] Total 21550 files processed
[INFO]-[2022/05/04 12:00:35] Total 21600 files processed
[INFO]-[2022/05/04 12:00:45] Total 21650 files processed
[INFO]-[2022/05/04 12:00:53] Total 21700 files processed
[INFO]-[2022/05/04 12:01:00] Total 21750 files processed
[INFO]-[2022/05/04 12:01:08] Total 21800 files processed
[INFO]-[2022/05/04 12:01:15] Total 21850 files processed
[INFO]-[2022/05/04 12:01:23] Total 21900 files processed
[INFO]-[2022/05/04 12:01:30] Total 21950 files processed
[INFO]-[2022/05/04 12:01:36] Total 22000 files processed
[INFO]-[2022/05/04 12:01:45] Total 22050 files processed
[INFO]-[2022/05/04 12:01:52] Total 22100 files processed
[INFO]-[2022/05/04 12:02:00] Total 22150 files processed
[INFO]-[2022/05/04 12:02:07] Total 22200 files processed
[INFO]-[2022/05/04 12:02:16] Total 22250 files processed
[INFO]-[2022/05/04 12:02:23] Total 22300 files processed
[INFO]-[2022/05/04 12:02:29] Total 22350 files processed
[INFO]-[2022/05/04 12:02:33] Total 22400 files processed
[INFO]-[2022/05/04 12:02:37] Total 22450 files processed
[INFO]-[2022/05/04 12:02:41] Total 22500 files processed
[INFO]-[2022/05/04 12:02:47] Total 22550 files processed
[INFO]-[2022/05/04 12:02:51] Total 22600 files processed
[INFO]-[2022/05/04 12:02:55] Total 22650 files processed
[INFO]-[2022/05/04 12:03:01] Total 22700 files processed
[INFO]-[2022/05/04 12:03:07] Total 22750 files processed
[INFO]-[2022/05/04 12:03:17] Total 22800 files processed
[INFO]-[2022/05/04 12:03:23] Total 22850 files processed
[INFO]-[2022/05/04 12:03:30] Total 22900 files processed
[INFO]-[2022/05/04 12:03:37] Total 22950 files processed
[INFO]-[2022/05/04 12:03:43] Total 23000 files processed
[INFO]-[2022/05/04 12:03:48] Total 23050 files processed
[INFO]-[2022/05/04 12:03:51] Total 23100 files processed
[INFO]-[2022/05/04 12:03:58] Total 23150 files processed
[INFO]-[2022/05/04 12:04:04] Total 23200 files processed
[INFO]-[2022/05/04 12:04:10] Total 23250 files processed
[INFO]-[2022/05/04 12:04:18] Total 23300 files processed
[INFO]-[2022/05/04 12:04:24] Total 23350 files processed
[INFO]-[2022/05/04 12:04:30] Total 23400 files processed
[INFO]-[2022/05/04 12:04:37] Total 23450 files processed
[INFO]-[2022/05/04 12:04:44] Total 23500 files processed
[INFO]-[2022/05/04 12:04:53] Total 23550 files processed
[INFO]-[2022/05/04 12:05:01] Total 23600 files processed
[INFO]-[2022/05/04 12:05:08] Total 23650 files processed
[INFO]-[2022/05/04 12:05:15] Total 23700 files processed
[INFO]-[2022/05/04 12:05:21] Total 23750 files processed
[INFO]-[2022/05/04 12:05:27] Total 23800 files processed
[INFO]-[2022/05/04 12:05:33] Total 23850 files processed
[INFO]-[2022/05/04 12:05:40] Total 23900 files processed
[INFO]-[2022/05/04 12:05:46] Total 23950 files processed
[INFO]-[2022/05/04 12:05:54] Total 24000 files processed
[INFO]-[2022/05/04 12:06:02] Total 24050 files processed
[INFO]-[2022/05/04 12:06:08] Total 24100 files processed
[INFO]-[2022/05/04 12:06:13] Total 24150 files processed
[INFO]-[2022/05/04 12:06:19] Total 24200 files processed
[INFO]-[2022/05/04 12:06:26] Total 24250 files processed
[INFO]-[2022/05/04 12:06:31] Total 24300 files processed
[INFO]-[2022/05/04 12:06:36] Total 24350 files processed
[INFO]-[2022/05/04 12:06:42] Total 24400 files processed
[INFO]-[2022/05/04 12:06:48] Total 24450 files processed
[INFO]-[2022/05/04 12:06:56] Total 24500 files processed
[INFO]-[2022/05/04 12:07:02] Total 24550 files processed
[INFO]-[2022/05/04 12:07:08] Total 24600 files processed
[INFO]-[2022/05/04 12:07:13] Total 24650 files processed
[INFO]-[2022/05/04 12:07:19] Total 24700 files processed
[INFO]-[2022/05/04 12:07:24] Total 24750 files processed
[INFO]-[2022/05/04 12:07:31] Total 24800 files processed
[INFO]-[2022/05/04 12:07:37] Total 24850 files processed
[INFO]-[2022/05/04 12:07:42] Total 24900 files processed
[INFO]-[2022/05/04 12:07:48] Total 24950 files processed
[INFO]-[2022/05/04 12:07:54] Total 25000 files processed
[INFO]-[2022/05/04 12:08:01] Total 25050 files processed
[INFO]-[2022/05/04 12:08:07] Skipped symlinking Wp Uploads Folder
[INFO]-[2022/05/04 12:08:07] Copying files finished
[INFO]-[2022/05/04 12:08:09] DB Data Step 0: Copy wp-config.php file
[INFO]-[2022/05/04 12:08:09] DB Data Step 0: Skipping: wp-config.php already exists in /home/site/wwwroot/iteration2/wp-config.php
[INFO]-[2022/05/04 12:08:12] DB Data Step 1: Updating siteurl and homeurl in wpstg2_options to https://stayconnected.azurewebsites.net/iteration2
[INFO]-[2022/05/04 12:08:31] DB Data Step 3: Updating db prefix in wpstg2_usermeta.
[INFO]-[2022/05/04 12:08:33] DB Data Step 4: Updating table_prefix in /home/site/wwwroot/iteration2/wp-config.php to wpstg2_
[INFO]-[2022/05/04 12:08:36] DB Data Step 5: WP installation is not in a subdirectory! Skipping this step
[INFO]-[2022/05/04 12:08:37] DB Data Step 6: Updating db prefix in wpstg2_options.
[INFO]-[2022/05/04 12:08:39] DB Data Step 7: Updating constants in wp-config.php
[INFO]-[2022/05/04 12:08:39] DB Data Step 7: Added:UPLOADS
[INFO]-[2022/05/04 12:08:39] DB Data Step 7: Added:WP_PLUGIN_DIR
[INFO]-[2022/05/04 12:08:39] DB Data Step 7: Added:WP_PLUGIN_URL
[INFO]-[2022/05/04 12:08:39] DB Data Step 7: Added:WP_LANG_DIR
[INFO]-[2022/05/04 12:08:39] DB Data Step 7: Updated: WP_HOME
[INFO]-[2022/05/04 12:08:39] DB Data Step 7: Updated: WP_SITEURL
[INFO]-[2022/05/04 12:08:39] DB Data Step 7: Updated: WP_CACHE
[INFO]-[2022/05/04 12:08:39] DB Data Step 7: Added:WP_ENVIRONMENT_TYPE
[INFO]-[2022/05/04 12:08:39] DB Data Step 7: Skipping: WP_ALLOW_MULTISITE not defined in wp-config.php.
[INFO]-[2022/05/04 12:08:39] DB Data Step 7: Skipping: MULTISITE not defined in wp-config.php.
[INFO]-[2022/05/04 12:08:39] DB Data Step 7: Deleted: WP_CONTENT_URL
[INFO]-[2022/05/04 12:08:43] Finish: Deleting clone job's cache files...
[INFO]-[2022/05/04 12:08:43] Finish: Clone job's cache files have been deleted!
[INFO]-[2022/05/04 12:08:43] Finish: Verifying existing clones...
[INFO]-[2022/05/04 12:08:43] Finish: The job finished!
