[INFO]-[2022/04/27 04:29:27] Cloning: 1651033765972's clone job's data is not in database, generating data
[INFO]-[2022/04/27 04:29:31] DB Copy: Creating table wpstg1_actionscheduler_actions
[INFO]-[2022/04/27 04:29:31] DB Copy: Table wp_actionscheduler_actions contains 59 rows 
[INFO]-[2022/04/27 04:29:31] DB Copy: Copy data from wp_actionscheduler_actions to wpstg1_actionscheduler_actions - 0 to 10000 records
[INFO]-[2022/04/27 04:29:33] DB Copy: Creating table wpstg1_actionscheduler_claims
[INFO]-[2022/04/27 04:29:33] DB Copy: Table wp_actionscheduler_claims contains 0 rows 
[INFO]-[2022/04/27 04:29:35] DB Copy: Creating table wpstg1_actionscheduler_groups
[INFO]-[2022/04/27 04:29:35] DB Copy: Table wp_actionscheduler_groups contains 2 rows 
[INFO]-[2022/04/27 04:29:35] DB Copy: Copy data from wp_actionscheduler_groups to wpstg1_actionscheduler_groups - 0 to 10000 records
[INFO]-[2022/04/27 04:29:37] DB Copy: Creating table wpstg1_actionscheduler_logs
[INFO]-[2022/04/27 04:29:37] DB Copy: Table wp_actionscheduler_logs contains 170 rows 
[INFO]-[2022/04/27 04:29:37] DB Copy: Copy data from wp_actionscheduler_logs to wpstg1_actionscheduler_logs - 0 to 10000 records
[INFO]-[2022/04/27 04:29:39] DB Copy: Creating table wpstg1_ce4wp_contacts
[INFO]-[2022/04/27 04:29:39] DB Copy: Table wp_ce4wp_contacts contains 0 rows 
[INFO]-[2022/04/27 04:29:41] DB Copy: Creating table wpstg1_commentmeta
[INFO]-[2022/04/27 04:29:41] DB Copy: Table wp_commentmeta contains 0 rows 
[INFO]-[2022/04/27 04:29:43] DB Copy: Creating table wpstg1_comments
[INFO]-[2022/04/27 04:29:43] DB Copy: Table wp_comments contains 1 rows 
[INFO]-[2022/04/27 04:29:43] DB Copy: Copy data from wp_comments to wpstg1_comments - 0 to 10000 records
[INFO]-[2022/04/27 04:29:44] DB Copy: Creating table wpstg1_create_map
[INFO]-[2022/04/27 04:29:45] DB Copy: Table wp_create_map contains 0 rows 
[INFO]-[2022/04/27 04:29:46] DB Copy: Creating table wpstg1_e_events
[INFO]-[2022/04/27 04:29:47] DB Copy: Table wp_e_events contains 0 rows 
[INFO]-[2022/04/27 04:29:48] DB Copy: Creating table wpstg1_group_map
[INFO]-[2022/04/27 04:29:48] DB Copy: Table wp_group_map contains 0 rows 
[INFO]-[2022/04/27 04:29:52] DB Copy: Creating table wpstg1_links
[INFO]-[2022/04/27 04:29:52] DB Copy: Table wp_links contains 0 rows 
[INFO]-[2022/04/27 04:29:54] DB Copy: Creating table wpstg1_map_locations
[INFO]-[2022/04/27 04:29:54] DB Copy: Table wp_map_locations contains 0 rows 
[INFO]-[2022/04/27 04:29:56] DB Copy: Creating table wpstg1_mappress_maps
[INFO]-[2022/04/27 04:29:56] DB Copy: Table wp_mappress_maps contains 0 rows 
[INFO]-[2022/04/27 04:29:58] DB Copy: Creating table wpstg1_mappress_posts
[INFO]-[2022/04/27 04:29:58] DB Copy: Table wp_mappress_posts contains 0 rows 
[INFO]-[2022/04/27 04:30:00] DB Copy: Creating table wpstg1_mlw_qm_audit_trail
[INFO]-[2022/04/27 04:30:00] DB Copy: Table wp_mlw_qm_audit_trail contains 3 rows 
[INFO]-[2022/04/27 04:30:00] DB Copy: Copy data from wp_mlw_qm_audit_trail to wpstg1_mlw_qm_audit_trail - 0 to 10000 records
[INFO]-[2022/04/27 04:30:02] DB Copy: Creating table wpstg1_mlw_question_terms
[INFO]-[2022/04/27 04:30:02] DB Copy: Table wp_mlw_question_terms contains 0 rows 
[INFO]-[2022/04/27 04:30:04] DB Copy: Creating table wpstg1_mlw_questions
[INFO]-[2022/04/27 04:30:04] DB Copy: Table wp_mlw_questions contains 0 rows 
[INFO]-[2022/04/27 04:30:05] DB Copy: Creating table wpstg1_mlw_quiz_theme_settings
[INFO]-[2022/04/27 04:30:06] DB Copy: Table wp_mlw_quiz_theme_settings contains 0 rows 
[INFO]-[2022/04/27 04:30:08] DB Copy: Creating table wpstg1_mlw_quizzes
[INFO]-[2022/04/27 04:30:08] DB Copy: Table wp_mlw_quizzes contains 1 rows 
[INFO]-[2022/04/27 04:30:08] DB Copy: Copy data from wp_mlw_quizzes to wpstg1_mlw_quizzes - 0 to 10000 records
[INFO]-[2022/04/27 04:30:11] DB Copy: Creating table wpstg1_mlw_results
[INFO]-[2022/04/27 04:30:12] DB Copy: Table wp_mlw_results contains 0 rows 
[INFO]-[2022/04/27 04:30:16] DB Copy: Creating table wpstg1_mlw_themes
[INFO]-[2022/04/27 04:30:16] DB Copy: Table wp_mlw_themes contains 0 rows 
[INFO]-[2022/04/27 04:30:19] DB Copy: Creating table wpstg1_options
[INFO]-[2022/04/27 04:30:20] DB Copy: Table wp_options contains 577 rows 
[INFO]-[2022/04/27 04:30:20] DB Copy: Copy data from wp_options to wpstg1_options - 0 to 10000 records
[INFO]-[2022/04/27 04:30:23] DB Copy: Creating table wpstg1_postmeta
[INFO]-[2022/04/27 04:30:23] DB Copy: Table wp_postmeta contains 4025 rows 
[INFO]-[2022/04/27 04:30:23] DB Copy: Copy data from wp_postmeta to wpstg1_postmeta - 0 to 10000 records
[INFO]-[2022/04/27 04:30:26] DB Copy: Creating table wpstg1_posts
[INFO]-[2022/04/27 04:30:26] DB Copy: Table wp_posts contains 644 rows 
[INFO]-[2022/04/27 04:30:26] DB Copy: Copy data from wp_posts to wpstg1_posts - 0 to 10000 records
[INFO]-[2022/04/27 04:30:28] DB Copy: Creating table wpstg1_smush_dir_images
[INFO]-[2022/04/27 04:30:29] DB Copy: Table wp_smush_dir_images contains 0 rows 
[INFO]-[2022/04/27 04:30:30] DB Copy: Creating table wpstg1_term_relationships
[INFO]-[2022/04/27 04:30:30] DB Copy: Table wp_term_relationships contains 11 rows 
[INFO]-[2022/04/27 04:30:30] DB Copy: Copy data from wp_term_relationships to wpstg1_term_relationships - 0 to 10000 records
[INFO]-[2022/04/27 04:30:33] DB Copy: Creating table wpstg1_term_taxonomy
[INFO]-[2022/04/27 04:30:34] DB Copy: Table wp_term_taxonomy contains 7 rows 
[INFO]-[2022/04/27 04:30:34] DB Copy: Copy data from wp_term_taxonomy to wpstg1_term_taxonomy - 0 to 10000 records
[INFO]-[2022/04/27 04:30:37] DB Copy: Creating table wpstg1_termmeta
[INFO]-[2022/04/27 04:30:37] DB Copy: Table wp_termmeta contains 4 rows 
[INFO]-[2022/04/27 04:30:37] DB Copy: Copy data from wp_termmeta to wpstg1_termmeta - 0 to 10000 records
[INFO]-[2022/04/27 04:30:39] DB Copy: Creating table wpstg1_terms
[INFO]-[2022/04/27 04:30:40] DB Copy: Table wp_terms contains 7 rows 
[INFO]-[2022/04/27 04:30:40] DB Copy: Copy data from wp_terms to wpstg1_terms - 0 to 10000 records
[INFO]-[2022/04/27 04:30:42] DB Copy: Creating table wpstg1_tm_taskmeta
[INFO]-[2022/04/27 04:30:42] DB Copy: Table wp_tm_taskmeta contains 0 rows 
[INFO]-[2022/04/27 04:30:45] DB Copy: Creating table wpstg1_tm_tasks
[INFO]-[2022/04/27 04:30:46] DB Copy: Table wp_tm_tasks contains 0 rows 
[INFO]-[2022/04/27 04:30:47] DB Copy: Creating table wpstg1_usermeta
[INFO]-[2022/04/27 04:30:48] DB Copy: Table wp_usermeta contains 118 rows 
[INFO]-[2022/04/27 04:30:48] DB Copy: Copy data from wp_usermeta to wpstg1_usermeta - 0 to 10000 records
[INFO]-[2022/04/27 04:30:49] DB Copy: Creating table wpstg1_users
[INFO]-[2022/04/27 04:30:50] DB Copy: Table wp_users contains 5 rows 
[INFO]-[2022/04/27 04:30:50] DB Copy: Copy data from wp_users to wpstg1_users - 0 to 10000 records
[INFO]-[2022/04/27 04:30:53] DB Copy: Creating table wpstg1_wp_phpmyadmin_extension__errors_log
[INFO]-[2022/04/27 04:30:53] DB Copy: Table wp_wp_phpmyadmin_extension__errors_log contains 0 rows 
[INFO]-[2022/04/27 04:30:55] DB Copy: Creating table wpstg1_wpda_csv_uploads
[INFO]-[2022/04/27 04:30:55] DB Copy: Table wp_wpda_csv_uploads contains 1 rows 
[INFO]-[2022/04/27 04:30:55] DB Copy: Copy data from wp_wpda_csv_uploads to wpstg1_wpda_csv_uploads - 0 to 10000 records
[INFO]-[2022/04/27 04:30:56] DB Copy: Creating table wpstg1_wpda_logging
[INFO]-[2022/04/27 04:30:57] DB Copy: Table wp_wpda_logging contains 0 rows 
[INFO]-[2022/04/27 04:30:58] DB Copy: Creating table wpstg1_wpda_media
[INFO]-[2022/04/27 04:30:59] DB Copy: Table wp_wpda_media contains 0 rows 
[INFO]-[2022/04/27 04:31:00] DB Copy: Creating table wpstg1_wpda_menus
[INFO]-[2022/04/27 04:31:01] DB Copy: Table wp_wpda_menus contains 0 rows 
[INFO]-[2022/04/27 04:31:02] DB Copy: Creating table wpstg1_wpda_project
[INFO]-[2022/04/27 04:31:02] DB Copy: Table wp_wpda_project contains 0 rows 
[INFO]-[2022/04/27 04:31:04] DB Copy: Creating table wpstg1_wpda_project_page
[INFO]-[2022/04/27 04:31:04] DB Copy: Table wp_wpda_project_page contains 0 rows 
[INFO]-[2022/04/27 04:31:06] DB Copy: Creating table wpstg1_wpda_project_table
[INFO]-[2022/04/27 04:31:06] DB Copy: Table wp_wpda_project_table contains 0 rows 
[INFO]-[2022/04/27 04:31:08] DB Copy: Creating table wpstg1_wpda_publisher
[INFO]-[2022/04/27 04:31:09] DB Copy: Table wp_wpda_publisher contains 1 rows 
[INFO]-[2022/04/27 04:31:09] DB Copy: Copy data from wp_wpda_publisher to wpstg1_wpda_publisher - 0 to 10000 records
[INFO]-[2022/04/27 04:31:12] DB Copy: Creating table wpstg1_wpda_table_design
[INFO]-[2022/04/27 04:31:12] DB Copy: Table wp_wpda_table_design contains 4 rows 
[INFO]-[2022/04/27 04:31:12] DB Copy: Copy data from wp_wpda_table_design to wpstg1_wpda_table_design - 0 to 10000 records
[INFO]-[2022/04/27 04:31:15] DB Copy: Creating table wpstg1_wpda_table_settings
[INFO]-[2022/04/27 04:31:15] DB Copy: Table wp_wpda_table_settings contains 0 rows 
[INFO]-[2022/04/27 04:31:18] DB Copy: Creating table wpstg1_wpforms_tasks_meta
[INFO]-[2022/04/27 04:31:19] DB Copy: Table wp_wpforms_tasks_meta contains 26 rows 
[INFO]-[2022/04/27 04:31:19] DB Copy: Copy data from wp_wpforms_tasks_meta to wpstg1_wpforms_tasks_meta - 0 to 10000 records
[INFO]-[2022/04/27 04:31:21] DB Copy: Creating table wpstg1_wpvivid_scan_result
[INFO]-[2022/04/27 04:31:22] DB Copy: Table wp_wpvivid_scan_result contains 0 rows 
[INFO]-[2022/04/27 04:31:23] DB Copy: Creating table wpstg1_wpvivid_unused_uploads_files
[INFO]-[2022/04/27 04:31:24] DB Copy: Table wp_wpvivid_unused_uploads_files contains 0 rows 
[INFO]-[2022/04/27 04:31:25] DB Copy: Creating table wpstg1_xyz_ips_short_code
[INFO]-[2022/04/27 04:31:26] DB Copy: Table wp_xyz_ips_short_code contains 1 rows 
[INFO]-[2022/04/27 04:31:26] DB Copy: Copy data from wp_xyz_ips_short_code to wpstg1_xyz_ips_short_code - 0 to 10000 records
[INFO]-[2022/04/27 04:31:30] DB Search & Replace:  Table wpstg1_actionscheduler_actions 0 to 20000 records
[INFO]-[2022/04/27 04:31:33] DB Search & Replace:  Table wpstg1_actionscheduler_groups 0 to 20000 records
[INFO]-[2022/04/27 04:31:35] DB Search & Replace:  Table wpstg1_actionscheduler_logs 0 to 20000 records
[INFO]-[2022/04/27 04:31:39] DB Search & Replace:  Table wpstg1_comments 0 to 20000 records
[INFO]-[2022/04/27 04:31:51] DB Search & Replace:  Table wpstg1_mlw_qm_audit_trail 0 to 20000 records
[INFO]-[2022/04/27 04:31:58] DB Search & Replace:  Table wpstg1_mlw_quizzes 0 to 20000 records
[INFO]-[2022/04/27 04:32:03] DB Search & Replace:  Table wpstg1_options 0 to 20000 records
[INFO]-[2022/04/27 04:32:05] DB Search & Replace:  Table wpstg1_postmeta 0 to 20000 records
[INFO]-[2022/04/27 04:32:10] DB Search & Replace:  Table wpstg1_posts 0 to 20000 records
[INFO]-[2022/04/27 04:32:18] DB Search & Replace:  Table wpstg1_term_relationships 0 to 20000 records
[INFO]-[2022/04/27 04:32:21] DB Search & Replace:  Table wpstg1_term_taxonomy 0 to 20000 records
[INFO]-[2022/04/27 04:32:24] DB Search & Replace:  Table wpstg1_termmeta 0 to 20000 records
[INFO]-[2022/04/27 04:32:25] DB Search & Replace:  Table wpstg1_terms 0 to 20000 records
[INFO]-[2022/04/27 04:32:30] DB Search & Replace:  Table wpstg1_usermeta 0 to 20000 records
[INFO]-[2022/04/27 04:32:32] DB Search & Replace:  Table wpstg1_users 0 to 20000 records
[INFO]-[2022/04/27 04:32:35] DB Search & Replace:  Table wpstg1_wpda_csv_uploads 0 to 20000 records
[INFO]-[2022/04/27 04:32:46] DB Search & Replace:  Table wpstg1_wpda_publisher 0 to 20000 records
[INFO]-[2022/04/27 04:32:47] DB Search & Replace:  Table wpstg1_wpda_table_design 0 to 20000 records
[INFO]-[2022/04/27 04:32:50] DB Search & Replace:  Table wpstg1_wpforms_tasks_meta 0 to 20000 records
[INFO]-[2022/04/27 04:32:56] DB Search & Replace:  Table wpstg1_xyz_ips_short_code 0 to 20000 records
[INFO]-[2022/04/27 04:33:01] Scanning / for its files
[INFO]-[2022/04/27 04:33:02] Scanning wp-content/plugins and its sub-directories and files
[INFO]-[2022/04/27 04:33:26] Scanning wp-content/mu-plugins and its sub-directories and files
[INFO]-[2022/04/27 04:33:28] Scanning wp-content/themes and its sub-directories and files
[INFO]-[2022/04/27 04:33:36] Scanning wp-content/uploads/ and its sub-directories and files
[INFO]-[2022/04/27 04:33:40] Scanning wp-content for other directories
[INFO]-[2022/04/27 04:33:44] Scanning wp-includes for its sub-directories and files
[INFO]-[2022/04/27 04:33:47] Scanning wp-admin for its sub-directories and files
[INFO]-[2022/04/27 04:33:51] Copying files...
[INFO]-[2022/04/27 04:33:53] Total 50 files processed
[INFO]-[2022/04/27 04:33:57] Total 100 files processed
[INFO]-[2022/04/27 04:34:00] Total 150 files processed
[INFO]-[2022/04/27 04:34:03] Total 200 files processed
[INFO]-[2022/04/27 04:34:06] Total 250 files processed
[INFO]-[2022/04/27 04:34:12] Total 300 files processed
[INFO]-[2022/04/27 04:34:18] Total 350 files processed
[INFO]-[2022/04/27 04:34:21] Total 400 files processed
[INFO]-[2022/04/27 04:34:24] Total 450 files processed
[INFO]-[2022/04/27 04:34:27] Total 500 files processed
[INFO]-[2022/04/27 04:34:31] Total 550 files processed
[INFO]-[2022/04/27 04:34:34] Total 600 files processed
[INFO]-[2022/04/27 04:34:37] Total 650 files processed
[INFO]-[2022/04/27 04:34:41] Total 700 files processed
[INFO]-[2022/04/27 04:34:44] Total 750 files processed
[INFO]-[2022/04/27 04:34:47] Total 800 files processed
[INFO]-[2022/04/27 04:34:49] Total 850 files processed
[INFO]-[2022/04/27 04:34:53] Total 900 files processed
[INFO]-[2022/04/27 04:34:55] Total 950 files processed
[INFO]-[2022/04/27 04:35:00] Total 1000 files processed
[INFO]-[2022/04/27 04:35:03] Total 1050 files processed
[INFO]-[2022/04/27 04:35:06] Total 1100 files processed
[INFO]-[2022/04/27 04:35:12] Total 1150 files processed
[INFO]-[2022/04/27 04:35:18] Total 1200 files processed
[INFO]-[2022/04/27 04:35:24] Total 1250 files processed
[INFO]-[2022/04/27 04:35:29] Total 1300 files processed
[INFO]-[2022/04/27 04:35:33] Total 1350 files processed
[INFO]-[2022/04/27 04:35:36] Total 1400 files processed
[INFO]-[2022/04/27 04:35:39] Total 1450 files processed
[INFO]-[2022/04/27 04:35:42] Total 1500 files processed
[INFO]-[2022/04/27 04:35:45] Total 1550 files processed
[INFO]-[2022/04/27 04:35:49] Total 1600 files processed
[INFO]-[2022/04/27 04:35:52] Total 1650 files processed
[INFO]-[2022/04/27 04:35:55] Total 1700 files processed
[INFO]-[2022/04/27 04:35:58] Total 1750 files processed
[INFO]-[2022/04/27 04:36:03] Total 1800 files processed
[INFO]-[2022/04/27 04:36:07] Total 1850 files processed
[INFO]-[2022/04/27 04:36:11] Total 1900 files processed
[INFO]-[2022/04/27 04:36:16] Total 1950 files processed
[INFO]-[2022/04/27 04:36:20] Total 2000 files processed
[INFO]-[2022/04/27 04:36:23] Total 2050 files processed
[INFO]-[2022/04/27 04:36:26] Total 2100 files processed
[INFO]-[2022/04/27 04:36:30] Total 2150 files processed
[INFO]-[2022/04/27 04:36:33] Total 2200 files processed
[INFO]-[2022/04/27 04:36:36] Total 2250 files processed
[INFO]-[2022/04/27 04:36:39] Total 2300 files processed
[INFO]-[2022/04/27 04:36:42] Total 2350 files processed
[INFO]-[2022/04/27 04:36:45] Total 2400 files processed
[INFO]-[2022/04/27 04:36:49] Total 2450 files processed
[INFO]-[2022/04/27 04:36:52] Total 2500 files processed
[INFO]-[2022/04/27 04:36:55] Total 2550 files processed
[INFO]-[2022/04/27 04:36:58] Total 2600 files processed
[INFO]-[2022/04/27 04:37:01] Total 2650 files processed
[INFO]-[2022/04/27 04:37:06] Total 2700 files processed
[INFO]-[2022/04/27 04:37:10] Total 2750 files processed
[INFO]-[2022/04/27 04:37:17] Total 2800 files processed
[INFO]-[2022/04/27 04:37:22] Total 2850 files processed
[INFO]-[2022/04/27 04:37:26] Total 2900 files processed
[INFO]-[2022/04/27 04:37:29] Total 2950 files processed
[INFO]-[2022/04/27 04:37:31] Total 3000 files processed
[INFO]-[2022/04/27 04:37:34] Total 3050 files processed
[INFO]-[2022/04/27 04:37:37] Total 3100 files processed
[INFO]-[2022/04/27 04:37:40] Total 3150 files processed
[INFO]-[2022/04/27 04:37:43] Total 3200 files processed
[INFO]-[2022/04/27 04:37:47] Total 3250 files processed
[INFO]-[2022/04/27 04:37:50] Total 3300 files processed
[INFO]-[2022/04/27 04:37:53] Total 3350 files processed
[INFO]-[2022/04/27 04:37:56] Total 3400 files processed
[INFO]-[2022/04/27 04:37:59] Total 3450 files processed
[INFO]-[2022/04/27 04:38:02] Total 3500 files processed
[INFO]-[2022/04/27 04:38:07] Total 3550 files processed
[INFO]-[2022/04/27 04:38:12] Total 3600 files processed
[INFO]-[2022/04/27 04:38:17] Total 3650 files processed
[INFO]-[2022/04/27 04:38:23] Total 3700 files processed
[INFO]-[2022/04/27 04:38:27] Total 3750 files processed
[INFO]-[2022/04/27 04:38:30] Total 3800 files processed
[INFO]-[2022/04/27 04:38:33] Total 3850 files processed
[INFO]-[2022/04/27 04:38:36] Total 3900 files processed
[INFO]-[2022/04/27 04:38:39] Total 3950 files processed
[INFO]-[2022/04/27 04:38:42] Total 4000 files processed
[INFO]-[2022/04/27 04:38:45] Total 4050 files processed
[INFO]-[2022/04/27 04:38:48] Total 4100 files processed
[INFO]-[2022/04/27 04:38:51] Total 4150 files processed
[INFO]-[2022/04/27 04:38:54] Total 4200 files processed
[INFO]-[2022/04/27 04:38:57] Total 4250 files processed
[INFO]-[2022/04/27 04:39:00] Total 4300 files processed
[INFO]-[2022/04/27 04:39:02] Total 4350 files processed
[INFO]-[2022/04/27 04:39:07] Total 4400 files processed
[INFO]-[2022/04/27 04:39:11] Total 4450 files processed
[INFO]-[2022/04/27 04:39:16] Total 4500 files processed
[INFO]-[2022/04/27 04:39:19] Total 4550 files processed
[INFO]-[2022/04/27 04:39:22] Total 4600 files processed
[INFO]-[2022/04/27 04:39:25] Total 4650 files processed
[INFO]-[2022/04/27 04:39:28] Total 4700 files processed
[INFO]-[2022/04/27 04:39:31] Total 4750 files processed
[INFO]-[2022/04/27 04:39:34] Total 4800 files processed
[INFO]-[2022/04/27 04:39:37] Total 4850 files processed
[INFO]-[2022/04/27 04:39:40] Total 4900 files processed
[INFO]-[2022/04/27 04:39:43] Total 4950 files processed
[INFO]-[2022/04/27 04:39:46] Total 5000 files processed
[INFO]-[2022/04/27 04:39:49] Total 5050 files processed
[INFO]-[2022/04/27 04:39:52] Total 5100 files processed
[INFO]-[2022/04/27 04:39:55] Total 5150 files processed
[INFO]-[2022/04/27 04:39:58] Total 5200 files processed
[INFO]-[2022/04/27 04:40:01] Total 5250 files processed
[INFO]-[2022/04/27 04:40:04] Total 5300 files processed
[INFO]-[2022/04/27 04:40:13] Total 5350 files processed
[INFO]-[2022/04/27 04:40:21] Total 5400 files processed
[INFO]-[2022/04/27 04:40:26] Total 5450 files processed
[INFO]-[2022/04/27 04:40:29] Total 5500 files processed
[INFO]-[2022/04/27 04:40:32] Total 5550 files processed
[INFO]-[2022/04/27 04:40:36] Total 5600 files processed
[INFO]-[2022/04/27 04:40:40] Total 5650 files processed
[INFO]-[2022/04/27 04:40:43] Total 5700 files processed
[INFO]-[2022/04/27 04:40:46] Total 5750 files processed
[INFO]-[2022/04/27 04:40:50] Total 5800 files processed
[INFO]-[2022/04/27 04:40:53] Total 5850 files processed
[INFO]-[2022/04/27 04:40:57] Total 5900 files processed
[INFO]-[2022/04/27 04:41:00] Total 5950 files processed
[INFO]-[2022/04/27 04:41:04] Total 6000 files processed
[INFO]-[2022/04/27 04:41:07] Total 6050 files processed
[INFO]-[2022/04/27 04:41:16] Total 6100 files processed
[INFO]-[2022/04/27 04:41:22] Total 6150 files processed
[INFO]-[2022/04/27 04:41:28] Total 6200 files processed
[INFO]-[2022/04/27 04:41:32] Total 6250 files processed
[INFO]-[2022/04/27 04:41:36] Total 6300 files processed
[INFO]-[2022/04/27 04:41:39] Total 6350 files processed
[INFO]-[2022/04/27 04:41:43] Total 6400 files processed
[INFO]-[2022/04/27 04:41:46] Total 6450 files processed
[INFO]-[2022/04/27 04:41:50] Total 6500 files processed
[INFO]-[2022/04/27 04:41:54] Total 6550 files processed
[INFO]-[2022/04/27 04:41:58] Total 6600 files processed
[INFO]-[2022/04/27 04:42:01] Total 6650 files processed
[INFO]-[2022/04/27 04:42:05] Total 6700 files processed
[INFO]-[2022/04/27 04:42:08] Total 6750 files processed
[INFO]-[2022/04/27 04:42:14] Total 6800 files processed
[INFO]-[2022/04/27 04:42:21] Total 6850 files processed
[INFO]-[2022/04/27 04:42:24] Total 6900 files processed
[INFO]-[2022/04/27 04:42:27] Total 6950 files processed
[INFO]-[2022/04/27 04:42:31] Total 7000 files processed
[INFO]-[2022/04/27 04:42:33] Total 7050 files processed
[INFO]-[2022/04/27 04:42:36] Total 7100 files processed
[INFO]-[2022/04/27 04:42:39] Total 7150 files processed
[INFO]-[2022/04/27 04:42:42] Total 7200 files processed
[INFO]-[2022/04/27 04:42:45] Total 7250 files processed
[INFO]-[2022/04/27 04:42:48] Total 7300 files processed
[INFO]-[2022/04/27 04:42:51] Total 7350 files processed
[INFO]-[2022/04/27 04:42:54] Total 7400 files processed
[INFO]-[2022/04/27 04:42:57] Total 7450 files processed
[INFO]-[2022/04/27 04:43:01] Total 7500 files processed
[INFO]-[2022/04/27 04:43:04] Total 7550 files processed
[INFO]-[2022/04/27 04:43:07] Total 7600 files processed
[INFO]-[2022/04/27 04:43:11] Total 7650 files processed
[INFO]-[2022/04/27 04:43:19] Total 7700 files processed
[INFO]-[2022/04/27 04:43:25] Total 7750 files processed
[INFO]-[2022/04/27 04:43:29] Total 7800 files processed
[INFO]-[2022/04/27 04:43:31] Total 7850 files processed
[INFO]-[2022/04/27 04:43:34] Total 7900 files processed
[INFO]-[2022/04/27 04:43:37] Total 7950 files processed
[INFO]-[2022/04/27 04:43:39] Total 8000 files processed
[INFO]-[2022/04/27 04:43:42] Total 8050 files processed
[INFO]-[2022/04/27 04:43:45] Total 8100 files processed
[INFO]-[2022/04/27 04:43:48] Total 8150 files processed
[INFO]-[2022/04/27 04:43:51] Total 8200 files processed
[INFO]-[2022/04/27 04:43:53] Total 8250 files processed
[INFO]-[2022/04/27 04:43:56] Total 8300 files processed
[INFO]-[2022/04/27 04:43:59] Total 8350 files processed
[INFO]-[2022/04/27 04:44:02] Total 8400 files processed
[INFO]-[2022/04/27 04:44:09] Total 8450 files processed
[INFO]-[2022/04/27 04:44:15] Total 8500 files processed
[INFO]-[2022/04/27 04:44:21] Total 8550 files processed
[INFO]-[2022/04/27 04:44:27] Total 8600 files processed
[INFO]-[2022/04/27 04:44:31] Total 8650 files processed
[INFO]-[2022/04/27 04:44:34] Total 8700 files processed
[INFO]-[2022/04/27 04:44:37] Total 8750 files processed
[INFO]-[2022/04/27 04:44:40] Total 8800 files processed
[INFO]-[2022/04/27 04:44:43] Total 8850 files processed
[INFO]-[2022/04/27 04:44:46] Total 8900 files processed
[INFO]-[2022/04/27 04:44:49] Total 8950 files processed
[INFO]-[2022/04/27 04:44:52] Total 9000 files processed
[INFO]-[2022/04/27 04:44:55] Total 9050 files processed
[INFO]-[2022/04/27 04:44:58] Total 9100 files processed
[INFO]-[2022/04/27 04:45:01] Total 9150 files processed
[INFO]-[2022/04/27 04:45:04] Total 9200 files processed
[INFO]-[2022/04/27 04:45:08] Total 9250 files processed
[INFO]-[2022/04/27 04:45:14] Total 9300 files processed
[INFO]-[2022/04/27 04:45:21] Total 9350 files processed
[INFO]-[2022/04/27 04:45:24] Total 9400 files processed
[INFO]-[2022/04/27 04:45:28] Total 9450 files processed
[INFO]-[2022/04/27 04:45:31] Total 9500 files processed
[INFO]-[2022/04/27 04:45:35] Total 9550 files processed
[INFO]-[2022/04/27 04:45:38] Total 9600 files processed
[INFO]-[2022/04/27 04:45:41] Total 9650 files processed
[INFO]-[2022/04/27 04:45:44] Total 9700 files processed
[INFO]-[2022/04/27 04:45:47] Total 9750 files processed
[INFO]-[2022/04/27 04:45:50] Total 9800 files processed
[INFO]-[2022/04/27 04:45:53] Total 9850 files processed
[INFO]-[2022/04/27 04:45:57] Total 9900 files processed
[INFO]-[2022/04/27 04:46:00] Total 9950 files processed
[INFO]-[2022/04/27 04:46:03] Total 10000 files processed
[INFO]-[2022/04/27 04:46:06] Total 10050 files processed
[INFO]-[2022/04/27 04:46:11] Total 10100 files processed
[INFO]-[2022/04/27 04:46:16] Total 10150 files processed
[INFO]-[2022/04/27 04:46:24] Total 10200 files processed
[INFO]-[2022/04/27 04:46:27] Total 10250 files processed
[INFO]-[2022/04/27 04:46:31] Total 10300 files processed
[INFO]-[2022/04/27 04:46:34] Total 10350 files processed
[INFO]-[2022/04/27 04:46:37] Total 10400 files processed
[INFO]-[2022/04/27 04:46:40] Total 10450 files processed
[INFO]-[2022/04/27 04:46:43] Total 10500 files processed
[INFO]-[2022/04/27 04:46:46] Total 10550 files processed
[INFO]-[2022/04/27 04:46:49] Total 10600 files processed
[INFO]-[2022/04/27 04:46:52] Total 10650 files processed
[INFO]-[2022/04/27 04:46:56] Total 10700 files processed
[INFO]-[2022/04/27 04:46:59] Total 10750 files processed
[INFO]-[2022/04/27 04:47:03] Total 10800 files processed
[INFO]-[2022/04/27 04:47:06] Total 10850 files processed
[INFO]-[2022/04/27 04:47:10] Total 10900 files processed
[INFO]-[2022/04/27 04:47:16] Total 10950 files processed
[INFO]-[2022/04/27 04:47:20] Total 11000 files processed
[INFO]-[2022/04/27 04:47:24] Total 11050 files processed
[INFO]-[2022/04/27 04:47:26] Total 11100 files processed
[INFO]-[2022/04/27 04:47:29] Total 11150 files processed
[INFO]-[2022/04/27 04:47:33] Total 11200 files processed
[INFO]-[2022/04/27 04:47:36] Total 11250 files processed
[INFO]-[2022/04/27 04:47:39] Total 11300 files processed
[INFO]-[2022/04/27 04:47:43] Total 11350 files processed
[INFO]-[2022/04/27 04:47:46] Total 11400 files processed
[INFO]-[2022/04/27 04:47:49] Total 11450 files processed
[INFO]-[2022/04/27 04:47:52] Total 11500 files processed
[INFO]-[2022/04/27 04:47:55] Total 11550 files processed
[INFO]-[2022/04/27 04:47:58] Total 11600 files processed
[INFO]-[2022/04/27 04:48:01] Total 11650 files processed
[INFO]-[2022/04/27 04:48:04] Total 11700 files processed
[INFO]-[2022/04/27 04:48:07] Total 11750 files processed
[INFO]-[2022/04/27 04:48:11] Total 11800 files processed
[INFO]-[2022/04/27 04:48:17] Total 11850 files processed
[INFO]-[2022/04/27 04:48:23] Total 11900 files processed
[INFO]-[2022/04/27 04:48:28] Total 11950 files processed
[INFO]-[2022/04/27 04:48:31] Total 12000 files processed
[INFO]-[2022/04/27 04:48:35] Total 12050 files processed
[INFO]-[2022/04/27 04:48:38] Total 12100 files processed
[INFO]-[2022/04/27 04:48:41] Total 12150 files processed
[INFO]-[2022/04/27 04:48:44] Total 12200 files processed
[INFO]-[2022/04/27 04:48:47] Total 12250 files processed
[INFO]-[2022/04/27 04:48:50] Total 12300 files processed
[INFO]-[2022/04/27 04:48:53] Total 12350 files processed
[INFO]-[2022/04/27 04:48:56] Total 12400 files processed
[INFO]-[2022/04/27 04:48:59] Total 12450 files processed
[INFO]-[2022/04/27 04:49:02] Total 12500 files processed
[INFO]-[2022/04/27 04:49:05] Total 12550 files processed
[INFO]-[2022/04/27 04:49:10] Total 12600 files processed
[INFO]-[2022/04/27 04:49:16] Total 12650 files processed
[INFO]-[2022/04/27 04:49:20] Total 12700 files processed
[INFO]-[2022/04/27 04:49:23] Total 12750 files processed
[INFO]-[2022/04/27 04:49:26] Total 12800 files processed
[INFO]-[2022/04/27 04:49:30] Total 12850 files processed
[INFO]-[2022/04/27 04:49:33] Total 12900 files processed
[INFO]-[2022/04/27 04:49:37] Total 12950 files processed
[INFO]-[2022/04/27 04:49:40] Total 13000 files processed
[INFO]-[2022/04/27 04:49:43] Total 13050 files processed
[INFO]-[2022/04/27 04:49:46] Total 13100 files processed
[INFO]-[2022/04/27 04:49:49] Total 13150 files processed
[INFO]-[2022/04/27 04:49:52] Total 13200 files processed
[INFO]-[2022/04/27 04:49:56] Total 13250 files processed
[INFO]-[2022/04/27 04:49:59] Total 13300 files processed
[INFO]-[2022/04/27 04:50:02] Total 13350 files processed
[INFO]-[2022/04/27 04:50:06] Total 13400 files processed
[INFO]-[2022/04/27 04:50:12] Total 13450 files processed
[INFO]-[2022/04/27 04:50:20] Total 13500 files processed
[INFO]-[2022/04/27 04:50:25] Total 13550 files processed
[INFO]-[2022/04/27 04:50:29] Total 13600 files processed
[INFO]-[2022/04/27 04:50:33] Total 13650 files processed
[INFO]-[2022/04/27 04:50:36] Total 13700 files processed
[INFO]-[2022/04/27 04:50:40] Total 13750 files processed
[INFO]-[2022/04/27 04:50:43] Total 13800 files processed
[INFO]-[2022/04/27 04:50:46] Total 13850 files processed
[INFO]-[2022/04/27 04:50:49] Total 13900 files processed
[INFO]-[2022/04/27 04:50:52] Total 13950 files processed
[INFO]-[2022/04/27 04:50:55] Total 14000 files processed
[INFO]-[2022/04/27 04:50:58] Total 14050 files processed
[INFO]-[2022/04/27 04:51:01] Total 14100 files processed
[INFO]-[2022/04/27 04:51:04] Total 14150 files processed
[INFO]-[2022/04/27 04:51:07] Total 14200 files processed
[INFO]-[2022/04/27 04:51:12] Total 14250 files processed
[INFO]-[2022/04/27 04:51:18] Total 14300 files processed
[INFO]-[2022/04/27 04:51:23] Total 14350 files processed
[INFO]-[2022/04/27 04:51:28] Total 14400 files processed
[INFO]-[2022/04/27 04:51:32] Total 14450 files processed
[INFO]-[2022/04/27 04:51:36] Total 14500 files processed
[INFO]-[2022/04/27 04:51:39] Total 14550 files processed
[INFO]-[2022/04/27 04:51:42] Total 14600 files processed
[INFO]-[2022/04/27 04:51:45] Total 14650 files processed
[INFO]-[2022/04/27 04:51:48] Total 14700 files processed
[INFO]-[2022/04/27 04:51:51] Total 14750 files processed
[INFO]-[2022/04/27 04:51:54] Total 14800 files processed
[INFO]-[2022/04/27 04:51:57] Total 14850 files processed
[INFO]-[2022/04/27 04:52:00] Total 14900 files processed
[INFO]-[2022/04/27 04:52:03] Total 14950 files processed
[INFO]-[2022/04/27 04:52:06] Total 15000 files processed
[INFO]-[2022/04/27 04:52:12] Total 15050 files processed
[INFO]-[2022/04/27 04:52:19] Total 15100 files processed
[INFO]-[2022/04/27 04:52:23] Total 15150 files processed
[INFO]-[2022/04/27 04:52:27] Total 15200 files processed
[INFO]-[2022/04/27 04:52:30] Total 15250 files processed
[INFO]-[2022/04/27 04:52:33] Total 15300 files processed
[INFO]-[2022/04/27 04:52:37] Total 15350 files processed
[INFO]-[2022/04/27 04:52:40] Total 15400 files processed
[INFO]-[2022/04/27 04:52:44] Total 15450 files processed
[INFO]-[2022/04/27 04:52:48] Total 15500 files processed
[INFO]-[2022/04/27 04:52:51] Total 15550 files processed
[INFO]-[2022/04/27 04:52:53] Total 15600 files processed
[INFO]-[2022/04/27 04:52:57] Total 15650 files processed
[INFO]-[2022/04/27 04:53:00] Total 15700 files processed
[INFO]-[2022/04/27 04:53:03] Total 15750 files processed
[INFO]-[2022/04/27 04:53:06] Total 15800 files processed
[INFO]-[2022/04/27 04:53:11] Total 15850 files processed
[INFO]-[2022/04/27 04:53:17] Total 15900 files processed
[INFO]-[2022/04/27 04:53:22] Total 15950 files processed
[INFO]-[2022/04/27 04:53:26] Total 16000 files processed
[INFO]-[2022/04/27 04:53:29] Total 16050 files processed
[INFO]-[2022/04/27 04:53:32] Total 16100 files processed
[INFO]-[2022/04/27 04:53:35] Total 16150 files processed
[INFO]-[2022/04/27 04:53:39] Total 16200 files processed
[INFO]-[2022/04/27 04:53:42] Total 16250 files processed
[INFO]-[2022/04/27 04:53:46] Total 16300 files processed
[INFO]-[2022/04/27 04:53:49] Total 16350 files processed
[INFO]-[2022/04/27 04:53:52] Total 16400 files processed
[INFO]-[2022/04/27 04:53:55] Total 16450 files processed
[INFO]-[2022/04/27 04:53:58] Total 16500 files processed
[INFO]-[2022/04/27 04:54:00] Total 16550 files processed
[INFO]-[2022/04/27 04:54:04] Total 16600 files processed
[INFO]-[2022/04/27 04:54:07] Total 16650 files processed
[INFO]-[2022/04/27 04:54:12] Total 16700 files processed
[INFO]-[2022/04/27 04:54:18] Total 16750 files processed
[INFO]-[2022/04/27 04:54:24] Total 16800 files processed
[INFO]-[2022/04/27 04:54:29] Total 16850 files processed
[INFO]-[2022/04/27 04:54:32] Total 16900 files processed
[INFO]-[2022/04/27 04:54:35] Total 16950 files processed
[INFO]-[2022/04/27 04:54:38] Total 17000 files processed
[INFO]-[2022/04/27 04:54:42] Total 17050 files processed
[INFO]-[2022/04/27 04:54:45] Total 17100 files processed
[INFO]-[2022/04/27 04:54:48] Total 17150 files processed
[INFO]-[2022/04/27 04:54:51] Total 17200 files processed
[INFO]-[2022/04/27 04:54:54] Total 17250 files processed
[INFO]-[2022/04/27 04:54:57] Total 17300 files processed
[INFO]-[2022/04/27 04:55:00] Total 17350 files processed
[INFO]-[2022/04/27 04:55:03] Total 17400 files processed
[INFO]-[2022/04/27 04:55:08] Total 17450 files processed
[INFO]-[2022/04/27 04:55:14] Total 17500 files processed
[INFO]-[2022/04/27 04:55:21] Total 17550 files processed
[INFO]-[2022/04/27 04:55:27] Total 17600 files processed
[INFO]-[2022/04/27 04:55:31] Total 17650 files processed
[INFO]-[2022/04/27 04:55:33] Total 17700 files processed
[INFO]-[2022/04/27 04:55:36] Total 17750 files processed
[INFO]-[2022/04/27 04:55:39] Total 17800 files processed
[INFO]-[2022/04/27 04:55:43] Total 17850 files processed
[INFO]-[2022/04/27 04:55:46] Total 17900 files processed
[INFO]-[2022/04/27 04:55:50] Total 17950 files processed
[INFO]-[2022/04/27 04:55:53] Total 18000 files processed
[INFO]-[2022/04/27 04:55:56] Total 18050 files processed
[INFO]-[2022/04/27 04:55:59] Total 18100 files processed
[INFO]-[2022/04/27 04:56:02] Total 18150 files processed
[INFO]-[2022/04/27 04:56:05] Total 18200 files processed
[INFO]-[2022/04/27 04:56:10] Total 18250 files processed
[INFO]-[2022/04/27 04:56:15] Total 18300 files processed
[INFO]-[2022/04/27 04:56:19] Total 18350 files processed
[INFO]-[2022/04/27 04:56:22] Total 18400 files processed
[INFO]-[2022/04/27 04:56:25] Total 18450 files processed
[INFO]-[2022/04/27 04:56:28] Total 18500 files processed
[INFO]-[2022/04/27 04:56:31] Total 18550 files processed
[INFO]-[2022/04/27 04:56:34] Total 18600 files processed
[INFO]-[2022/04/27 04:56:37] Total 18650 files processed
[INFO]-[2022/04/27 04:56:40] Total 18700 files processed
[INFO]-[2022/04/27 04:56:45] Total 18750 files processed
[INFO]-[2022/04/27 04:56:48] Total 18800 files processed
[INFO]-[2022/04/27 04:56:51] Total 18850 files processed
[INFO]-[2022/04/27 04:56:54] Total 18900 files processed
[INFO]-[2022/04/27 04:56:57] Total 18950 files processed
[INFO]-[2022/04/27 04:57:00] Total 19000 files processed
[INFO]-[2022/04/27 04:57:03] Total 19050 files processed
[INFO]-[2022/04/27 04:57:06] Total 19100 files processed
[INFO]-[2022/04/27 04:57:11] Total 19150 files processed
[INFO]-[2022/04/27 04:57:17] Total 19200 files processed
[INFO]-[2022/04/27 04:57:22] Total 19250 files processed
[INFO]-[2022/04/27 04:57:26] Total 19300 files processed
[INFO]-[2022/04/27 04:57:29] Total 19350 files processed
[INFO]-[2022/04/27 04:57:32] Total 19400 files processed
[INFO]-[2022/04/27 04:57:35] Total 19450 files processed
[INFO]-[2022/04/27 04:57:38] Total 19500 files processed
[INFO]-[2022/04/27 04:57:41] Total 19550 files processed
[INFO]-[2022/04/27 04:57:44] Total 19600 files processed
[INFO]-[2022/04/27 04:57:48] Total 19650 files processed
[INFO]-[2022/04/27 04:57:51] Total 19700 files processed
[INFO]-[2022/04/27 04:57:54] Total 19750 files processed
[INFO]-[2022/04/27 04:57:57] Total 19800 files processed
[INFO]-[2022/04/27 04:58:00] Total 19850 files processed
[INFO]-[2022/04/27 04:58:03] Total 19900 files processed
[INFO]-[2022/04/27 04:58:06] Total 19950 files processed
[INFO]-[2022/04/27 04:58:11] Total 20000 files processed
[INFO]-[2022/04/27 04:58:16] Total 20050 files processed
[INFO]-[2022/04/27 04:58:19] Total 20100 files processed
[INFO]-[2022/04/27 04:58:22] Total 20150 files processed
[INFO]-[2022/04/27 04:58:25] Total 20200 files processed
[INFO]-[2022/04/27 04:58:28] Total 20250 files processed
[INFO]-[2022/04/27 04:58:31] Total 20300 files processed
[INFO]-[2022/04/27 04:58:35] Total 20350 files processed
[INFO]-[2022/04/27 04:58:38] Total 20400 files processed
[INFO]-[2022/04/27 04:58:41] Total 20450 files processed
[INFO]-[2022/04/27 04:58:44] Total 20500 files processed
[INFO]-[2022/04/27 04:58:47] Total 20550 files processed
[INFO]-[2022/04/27 04:58:51] Total 20600 files processed
[INFO]-[2022/04/27 04:58:54] Total 20650 files processed
[INFO]-[2022/04/27 04:58:58] Total 20700 files processed
[INFO]-[2022/04/27 04:59:01] Total 20750 files processed
[INFO]-[2022/04/27 04:59:04] Total 20800 files processed
[INFO]-[2022/04/27 04:59:06] Total 20850 files processed
[INFO]-[2022/04/27 04:59:11] Total 20900 files processed
[INFO]-[2022/04/27 04:59:17] Total 20950 files processed
[INFO]-[2022/04/27 04:59:22] Total 21000 files processed
[INFO]-[2022/04/27 04:59:26] Total 21050 files processed
[INFO]-[2022/04/27 04:59:29] Total 21100 files processed
[INFO]-[2022/04/27 04:59:32] Total 21150 files processed
[INFO]-[2022/04/27 04:59:35] Total 21200 files processed
[INFO]-[2022/04/27 04:59:37] Total 21250 files processed
[INFO]-[2022/04/27 04:59:40] Total 21300 files processed
[INFO]-[2022/04/27 04:59:43] Total 21350 files processed
[INFO]-[2022/04/27 04:59:46] Total 21400 files processed
[INFO]-[2022/04/27 04:59:49] Total 21450 files processed
[INFO]-[2022/04/27 04:59:53] Total 21500 files processed
[INFO]-[2022/04/27 04:59:56] Total 21550 files processed
[INFO]-[2022/04/27 04:59:59] Total 21600 files processed
[INFO]-[2022/04/27 05:00:02] Total 21650 files processed
[INFO]-[2022/04/27 05:00:05] Total 21700 files processed
[INFO]-[2022/04/27 05:00:10] Total 21750 files processed
[INFO]-[2022/04/27 05:00:17] Total 21800 files processed
[INFO]-[2022/04/27 05:00:21] Total 21850 files processed
[INFO]-[2022/04/27 05:00:24] Total 21900 files processed
[INFO]-[2022/04/27 05:00:27] Skipped symlinking Wp Uploads Folder
[INFO]-[2022/04/27 05:00:27] Copying files finished
[INFO]-[2022/04/27 05:00:28] DB Data Step 0: Copy wp-config.php file
[INFO]-[2022/04/27 05:00:28] DB Data Step 0: Skipping: wp-config.php already exists in /home/site/wwwroot/iteration1/wp-config.php
[INFO]-[2022/04/27 05:00:30] DB Data Step 1: Updating siteurl and homeurl in wpstg1_options to https://stayconnected.azurewebsites.net/iteration1
[INFO]-[2022/04/27 05:00:38] DB Data Step 3: Updating db prefix in wpstg1_usermeta.
[INFO]-[2022/04/27 05:00:39] DB Data Step 4: Updating table_prefix in /home/site/wwwroot/iteration1/wp-config.php to wpstg1_
[INFO]-[2022/04/27 05:00:41] DB Data Step 5: WP installation is not in a subdirectory! Skipping this step
[INFO]-[2022/04/27 05:00:42] DB Data Step 6: Updating db prefix in wpstg1_options.
[INFO]-[2022/04/27 05:00:44] DB Data Step 7: Updating constants in wp-config.php
[INFO]-[2022/04/27 05:00:44] DB Data Step 7: Added:UPLOADS
[INFO]-[2022/04/27 05:00:44] DB Data Step 7: Added:WP_PLUGIN_DIR
[INFO]-[2022/04/27 05:00:44] DB Data Step 7: Added:WP_PLUGIN_URL
[INFO]-[2022/04/27 05:00:44] DB Data Step 7: Added:WP_LANG_DIR
[INFO]-[2022/04/27 05:00:44] DB Data Step 7: Updated: WP_HOME
[INFO]-[2022/04/27 05:00:44] DB Data Step 7: Updated: WP_SITEURL
[INFO]-[2022/04/27 05:00:44] DB Data Step 7: Updated: WP_CACHE
[INFO]-[2022/04/27 05:00:44] DB Data Step 7: Added:WP_ENVIRONMENT_TYPE
[INFO]-[2022/04/27 05:00:44] DB Data Step 7: Skipping: WP_ALLOW_MULTISITE not defined in wp-config.php.
[INFO]-[2022/04/27 05:00:44] DB Data Step 7: Skipping: MULTISITE not defined in wp-config.php.
[INFO]-[2022/04/27 05:00:44] DB Data Step 7: Deleted: WP_CONTENT_URL
[INFO]-[2022/04/27 05:00:47] Finish: Deleting clone job's cache files...
[INFO]-[2022/04/27 05:00:47] Finish: Clone job's cache files have been deleted!
[INFO]-[2022/04/27 05:00:47] Finish: Verifying existing clones...
[INFO]-[2022/04/27 05:00:47] Finish: The job finished!
